Log file open, 04/14/22 12:23:12
LogWindows: Failed to load 'aqProf.dll' (GetLastError=126)
LogWindows: File 'aqProf.dll' does not exist
LogWindows: Failed to load 'VtuneApi.dll' (GetLastError=126)
LogWindows: File 'VtuneApi.dll' does not exist
LogWindows: Failed to load 'VtuneApi32e.dll' (GetLastError=126)
LogWindows: File 'VtuneApi32e.dll' does not exist
LogConsoleResponse: Display: Failed to find resolution value strings in scalability ini. Falling back to default.
LogConsoleResponse: Display: Failed to find resolution value strings in scalability ini. Falling back to default.
LogInit: Display: Running engine for game: Abscond
LogPlatformFile: Not using cached read wrapper
LogTaskGraph: Started task graph with 5 named threads and 35 total threads with 3 sets of task threads.
LogStats: Stats thread started at 0.330588
LogICUInternationalization: ICU TimeZone Detection - Raw Offset: -5:00, Platform Override: ''
LogInit: Display: Loading text-based GConfig....
LogPluginManager: Mounting plugin MeshPainting
LogPluginManager: Mounting plugin XGEController
LogPluginManager: Mounting plugin Paper2D
LogPluginManager: Mounting plugin AISupport
LogPluginManager: Mounting plugin EnvironmentQueryEditor
LogPluginManager: Mounting plugin LiveLink
LogPluginManager: Mounting plugin LightPropagationVolume
LogPluginManager: Mounting plugin CameraShakePreviewer
LogPluginManager: Mounting plugin GameplayCameras
LogPluginManager: Mounting plugin OodleData
LogPluginManager: Mounting plugin OodleNetwork
LogPluginManager: Mounting plugin AssetManagerEditor
LogPluginManager: Mounting plugin CurveEditorTools
LogPluginManager: Mounting plugin CryptoKeys
LogPluginManager: Mounting plugin DataValidation
LogPluginManager: Mounting plugin GameplayTagsEditor
LogPluginManager: Mounting plugin GeometryMode
LogPluginManager: Mounting plugin MacGraphicsSwitching
LogPluginManager: Mounting plugin MaterialAnalyzer
LogPluginManager: Mounting plugin MobileLauncherProfileWizard
LogPluginManager: Mounting plugin PluginBrowser
LogPluginManager: Mounting plugin AnimationSharing
LogPluginManager: Mounting plugin CodeLiteSourceCodeAccess
LogPluginManager: Mounting plugin KDevelopSourceCodeAccess
LogPluginManager: Mounting plugin GitSourceControl
LogPluginManager: Mounting plugin CLionSourceCodeAccess
LogPluginManager: Mounting plugin NullSourceCodeAccess
LogPluginManager: Mounting plugin PerforceSourceControl
LogPluginManager: Mounting plugin PixWinPlugin
LogPluginManager: Mounting plugin PlasticSourceControl
LogPluginManager: Mounting plugin PluginUtils
LogPluginManager: Mounting plugin PropertyAccessNode
LogPluginManager: Mounting plugin RiderSourceCodeAccess
LogPluginManager: Mounting plugin SubversionSourceControl
LogPluginManager: Mounting plugin TextureFormatOodle
LogPluginManager: Mounting plugin UObjectPlugin
LogPluginManager: Mounting plugin VisualStudioCodeSourceCodeAccess
LogPluginManager: Mounting plugin FacialAnimation
LogPluginManager: Mounting plugin VisualStudioSourceCodeAccess
LogPluginManager: Mounting plugin XCodeSourceCodeAccess
LogPluginManager: Mounting plugin SpeedTreeImporter
LogPluginManager: Mounting plugin DatasmithContent
LogPluginManager: Mounting plugin VariantManagerContent
LogPluginManager: Mounting plugin Niagara
LogPluginManager: Mounting plugin AlembicImporter
LogPluginManager: Mounting plugin AutomationUtils
LogPluginManager: Mounting plugin BackChannel
LogPluginManager: Mounting plugin ChaosCloth
LogPluginManager: Mounting plugin ChaosEditor
LogPluginManager: Mounting plugin ChaosClothEditor
LogPluginManager: Mounting plugin ChaosNiagara
LogPluginManager: Mounting plugin ChaosSolverPlugin
LogPluginManager: Mounting plugin GeometryCache
LogPluginManager: Mounting plugin CharacterAI
LogPluginManager: Mounting plugin GeometryCollectionPlugin
LogPluginManager: Mounting plugin GeometryProcessing
LogPluginManager: Mounting plugin MotoSynth
LogPluginManager: Mounting plugin OpenImageDenoise
LogPluginManager: Mounting plugin PlanarCut
LogPluginManager: Mounting plugin ProxyLODPlugin
LogPluginManager: Mounting plugin PythonScriptPlugin
LogPluginManager: Mounting plugin PlatformCrypto
LogPluginManager: Mounting plugin SkeletalReduction
LogPluginManager: Mounting plugin AndroidMedia
LogPluginManager: Mounting plugin AvfMedia
LogPluginManager: Mounting plugin ImgMedia
LogPluginManager: Mounting plugin MediaCompositing
LogPluginManager: Mounting plugin WebMMedia
LogPluginManager: Mounting plugin WmfMedia
LogPluginManager: Mounting plugin LuminPlatformFeatures
LogPluginManager: Mounting plugin MagicLeap
LogPluginManager: Mounting plugin MagicLeapLightEstimation
LogPluginManager: Mounting plugin MediaPlayerEditor
LogPluginManager: Mounting plugin MagicLeapMedia
LogPluginManager: Mounting plugin MagicLeapPassableWorld
LogPluginManager: Mounting plugin MLSDK
LogPluginManager: Mounting plugin TcpMessaging
LogPluginManager: Mounting plugin ActorSequence
LogPluginManager: Mounting plugin UdpMessaging
LogPluginManager: Mounting plugin LevelSequenceEditor
LogPluginManager: Mounting plugin MatineeToLevelSequence
LogPluginManager: Mounting plugin TemplateSequence
LogPluginManager: Mounting plugin OnlineSubsystem
LogPluginManager: Mounting plugin OnlineSubsystemNull
LogPluginManager: Mounting plugin OnlineSubsystemUtils
LogPluginManager: Mounting plugin LauncherChunkInstaller
LogPluginManager: Mounting plugin ScreenshotTools
LogPluginManager: Mounting plugin ActorLayerUtilities
LogPluginManager: Mounting plugin AndroidDeviceProfileSelector
LogPluginManager: Mounting plugin AndroidPermission
LogPluginManager: Mounting plugin AppleImageUtils
LogPluginManager: Mounting plugin AppleMoviePlayer
LogPluginManager: Mounting plugin ArchVisCharacter
LogPluginManager: Mounting plugin AssetTags
LogPluginManager: Mounting plugin AudioCapture
LogPluginManager: Mounting plugin AudioSynesthesia
LogPluginManager: Mounting plugin CableComponent
LogPluginManager: Mounting plugin ChunkDownloader
LogPluginManager: Mounting plugin CustomMeshComponent
LogPluginManager: Mounting plugin EditableMesh
LogPluginManager: Mounting plugin ExampleDeviceProfileSelector
LogPluginManager: Mounting plugin GoogleCloudMessaging
LogPluginManager: Mounting plugin GooglePAD
LogPluginManager: Mounting plugin AndroidMoviePlayer
LogPluginManager: Mounting plugin LinuxDeviceProfileSelector
LogPluginManager: Mounting plugin LocationServicesBPLibrary
LogPluginManager: Mounting plugin MobilePatchingUtils
LogPluginManager: Mounting plugin OpenXR
LogPluginManager: Mounting plugin OpenXREyeTracker
LogPluginManager: Mounting plugin OpenXRHandTracking
LogPluginManager: Mounting plugin PhysXVehicles
LogPluginManager: Mounting plugin PostSplashScreen
LogPluginManager: Mounting plugin ProceduralMeshComponent
LogPluginManager: Mounting plugin PropertyAccessEditor
LogPluginManager: Mounting plugin IOSDeviceProfileSelector
LogPluginManager: Mounting plugin Takes
LogPluginManager: Mounting plugin RuntimePhysXCooking
LogPluginManager: Mounting plugin SignificanceManager
LogPluginManager: Mounting plugin SoundFields
LogPluginManager: Mounting plugin Synthesis
LogPluginManager: Mounting plugin WebMMoviePlayer
LogPluginManager: Mounting plugin WindowsMoviePlayer
LogPluginManager: Mounting plugin ContentBrowserAssetDataSource
LogPluginManager: Mounting plugin ContentBrowserClassDataSource
LogPluginManager: Mounting plugin ContentBrowserFileDataSource
LogPluginManager: Mounting plugin OnlineSubsystemGooglePlay
LogPluginManager: Mounting plugin OnlineSubsystemIOS
LogPluginManager: Mounting plugin OculusVR
LogPluginManager: Mounting plugin SteamVR
PixWinPlugin: PIX capture plugin failed to initialize! Check that the process is launched from PIX.
LogInit: Using libcurl 7.55.1-DEV
LogInit:  - built for x86_64-pc-win32
LogInit:  - supports SSL with OpenSSL/1.1.1
LogInit:  - supports HTTP deflate (compression) using libz 1.2.8
LogInit:  - other features:
LogInit:      CURL_VERSION_SSL
LogInit:      CURL_VERSION_LIBZ
LogInit:      CURL_VERSION_IPV6
LogInit:      CURL_VERSION_ASYNCHDNS
LogInit:      CURL_VERSION_LARGEFILE
LogInit:      CURL_VERSION_IDN
LogInit:  CurlRequestOptions (configurable via config and command line):
LogInit:  - bVerifyPeer = true  - Libcurl will verify peer certificate
LogInit:  - bUseHttpProxy = false  - Libcurl will NOT use HTTP proxy
LogInit:  - bDontReuseConnections = false  - Libcurl will reuse connections
LogInit:  - MaxHostConnections = 16  - Libcurl will limit the number of connections to a host
LogInit:  - LocalHostAddr = Default
LogInit:  - BufferSize = 65536
LogOnline: OSS: Creating online subsystem instance for: NULL
LogInit: WinSock: version 1.1 (2.2), MaxSocks=32767, MaxUdp=65467
LogOnline: OSS: TryLoadSubsystemAndSetDefault: Loaded subsystem for module [NULL]
LogOculusPluginWrapper: OculusPlugin initialized successfully
LogHMD: Failed initializing OVRPlugin 1.59.0
LogInit: Build: ++UE4+Release-4.27-CL-18319896
LogInit: Engine Version: 4.27.2-18319896+++UE4+Release-4.27
LogInit: Compatible Engine Version: 4.27.0-17155196+++UE4+Release-4.27
LogInit: Net CL: 17155196
LogInit: OS: Windows 10 (Release 2009) (), CPU: Intel(R) Core(TM) i7-9750H CPU @ 2.60GHz, GPU: Intel(R) UHD Graphics 630
LogInit: Compiled (64-bit): Nov 30 2021 07:12:08
LogInit: Compiled with Visual C++: 19.24.28315.00
LogInit: Build Configuration: Development
LogInit: Branch Name: ++UE4+Release-4.27
LogInit: Command Line: 
LogInit: Base Directory: C:/Program Files/Epic Games/UE_4.27/Engine/Binaries/Win64/
LogInit: Allocator: TBB
LogInit: Installed Engine Build: 1
LogDevObjectVersion: Number of dev versions registered: 29
LogDevObjectVersion:   Dev-Blueprints (B0D832E4-1F89-4F0D-ACCF-7EB736FD4AA2): 10
LogDevObjectVersion:   Dev-Build (E1C64328-A22C-4D53-A36C-8E866417BD8C): 0
LogDevObjectVersion:   Dev-Core (375EC13C-06E4-48FB-B500-84F0262A717E): 4
LogDevObjectVersion:   Dev-Editor (E4B068ED-F494-42E9-A231-DA0B2E46BB41): 40
LogDevObjectVersion:   Dev-Framework (CFFC743F-43B0-4480-9391-14DF171D2073): 37
LogDevObjectVersion:   Dev-Mobile (B02B49B5-BB20-44E9-A304-32B752E40360): 3
LogDevObjectVersion:   Dev-Networking (A4E4105C-59A1-49B5-A7C5-40C4547EDFEE): 0
LogDevObjectVersion:   Dev-Online (39C831C9-5AE6-47DC-9A44-9C173E1C8E7C): 0
LogDevObjectVersion:   Dev-Physics (78F01B33-EBEA-4F98-B9B4-84EACCB95AA2): 14
LogDevObjectVersion:   Dev-Platform (6631380F-2D4D-43E0-8009-CF276956A95A): 0
LogDevObjectVersion:   Dev-Rendering (12F88B9F-8875-4AFC-A67C-D90C383ABD29): 45
LogDevObjectVersion:   Dev-Sequencer (7B5AE74C-D270-4C10-A958-57980B212A5A): 13
LogDevObjectVersion:   Dev-VR (D7296918-1DD6-4BDD-9DE2-64A83CC13884): 3
LogDevObjectVersion:   Dev-LoadTimes (C2A15278-BFE7-4AFE-6C17-90FF531DF755): 1
LogDevObjectVersion:   Private-Geometry (6EACA3D4-40EC-4CC1-B786-8BED09428FC5): 3
LogDevObjectVersion:   Dev-AnimPhys (29E575DD-E0A3-4627-9D10-D276232CDCEA): 17
LogDevObjectVersion:   Dev-Anim (AF43A65D-7FD3-4947-9873-3E8ED9C1BB05): 15
LogDevObjectVersion:   Dev-ReflectionCapture (6B266CEC-1EC7-4B8F-A30B-E4D90942FC07): 1
LogDevObjectVersion:   Dev-Automation (0DF73D61-A23F-47EA-B727-89E90C41499A): 1
LogDevObjectVersion:   FortniteMain (601D1886-AC64-4F84-AA16-D3DE0DEAC7D6): 47
LogDevObjectVersion:   FortniteRelease (E7086368-6B23-4C58-8439-1B7016265E91): 1
LogDevObjectVersion:   Dev-Enterprise (9DFFBCD6-494F-0158-E221-12823C92A888): 10
LogDevObjectVersion:   Dev-Niagara (F2AED0AC-9AFE-416F-8664-AA7FFA26D6FC): 1
LogDevObjectVersion:   Dev-Destruction (174F1F0B-B4C6-45A5-B13F-2EE8D0FB917D): 10
LogDevObjectVersion:   Dev-Physics-Ext (35F94A83-E258-406C-A318-09F59610247C): 41
LogDevObjectVersion:   Dev-PhysicsMaterial-Chaos (B68FC16E-8B1B-42E2-B453-215C058844FE): 1
LogDevObjectVersion:   Dev-CineCamera (B2E18506-4273-CFC2-A54E-F4BB758BBA07): 1
LogDevObjectVersion:   Dev-VirtualProduction (64F58936-FD1B-42BA-BA96-7289D5D0FA4E): 1
LogDevObjectVersion:   Dev-MediaFramework (6F0ED827-A609-4895-9C91-998D90180EA4): 2
LogInit: Presizing for max 25165824 objects, including 0 objects not considered by GC, pre-allocating 0 bytes for permanent pool.
LogConfig: Applying CVar settings from Section [/Script/Engine.StreamingSettings] File [C:/Users/jabar/Documents/UnrealEngineGame/Abscond/Saved/Config/Windows/Engine.ini]
LogConfig: Setting CVar [[s.MinBulkDataSizeForAsyncLoading:131072]]
LogConfig: Setting CVar [[s.AsyncLoadingThreadEnabled:0]]
LogConfig: Setting CVar [[s.EventDrivenLoaderEnabled:1]]
LogConfig: Setting CVar [[s.WarnIfTimeLimitExceeded:0]]
LogConfig: Setting CVar [[s.TimeLimitExceededMultiplier:1.5]]
LogConfig: Setting CVar [[s.TimeLimitExceededMinTime:0.005]]
LogConfig: Setting CVar [[s.UseBackgroundLevelStreaming:1]]
LogConfig: Setting CVar [[s.PriorityAsyncLoadingExtraTime:15.0]]
LogConfig: Setting CVar [[s.LevelStreamingActorsUpdateTimeLimit:5.0]]
LogConfig: Setting CVar [[s.PriorityLevelStreamingActorsUpdateExtraTime:5.0]]
LogConfig: Setting CVar [[s.LevelStreamingComponentsRegistrationGranularity:10]]
LogConfig: Setting CVar [[s.UnregisterComponentsTimeLimit:1.0]]
LogConfig: Setting CVar [[s.LevelStreamingComponentsUnregistrationGranularity:5]]
LogConfig: Setting CVar [[s.FlushStreamingOnExit:1]]
LogInit: Object subsystem initialized
LogConfig: Setting CVar [[con.DebugEarlyDefault:1]]
LogConfig: Setting CVar [[r.setres:1280x720]]
[2022.04.14-16.23.13:540][  0]LogConfig: Setting CVar [[r.VSync:0]]
[2022.04.14-16.23.13:540][  0]LogConfig: Setting CVar [[r.RHICmdBypass:0]]
[2022.04.14-16.23.13:540][  0]LogConfig: Applying CVar settings from Section [/Script/Engine.RendererSettings] File [C:/Users/jabar/Documents/UnrealEngineGame/Abscond/Saved/Config/Windows/Engine.ini]
[2022.04.14-16.23.13:540][  0]LogConfig: Setting CVar [[r.GPUCrashDebugging:0]]
[2022.04.14-16.23.13:540][  0]LogConfig: Applying CVar settings from Section [/Script/Engine.RendererOverrideSettings] File [C:/Users/jabar/Documents/UnrealEngineGame/Abscond/Saved/Config/Windows/Engine.ini]
[2022.04.14-16.23.13:540][  0]LogConfig: Applying CVar settings from Section [/Script/Engine.StreamingSettings] File [C:/Users/jabar/Documents/UnrealEngineGame/Abscond/Saved/Config/Windows/Engine.ini]
[2022.04.14-16.23.13:540][  0]LogConfig: Setting CVar [[s.MinBulkDataSizeForAsyncLoading:131072]]
[2022.04.14-16.23.13:540][  0]LogConfig: Setting CVar [[s.AsyncLoadingThreadEnabled:0]]
[2022.04.14-16.23.13:540][  0]LogConfig: Setting CVar [[s.EventDrivenLoaderEnabled:1]]
[2022.04.14-16.23.13:540][  0]LogConfig: Setting CVar [[s.WarnIfTimeLimitExceeded:0]]
[2022.04.14-16.23.13:540][  0]LogConfig: Setting CVar [[s.TimeLimitExceededMultiplier:1.5]]
[2022.04.14-16.23.13:540][  0]LogConfig: Setting CVar [[s.TimeLimitExceededMinTime:0.005]]
[2022.04.14-16.23.13:540][  0]LogConfig: Setting CVar [[s.UseBackgroundLevelStreaming:1]]
[2022.04.14-16.23.13:540][  0]LogConfig: Setting CVar [[s.PriorityAsyncLoadingExtraTime:15.0]]
[2022.04.14-16.23.13:540][  0]LogConfig: Setting CVar [[s.LevelStreamingActorsUpdateTimeLimit:5.0]]
[2022.04.14-16.23.13:540][  0]LogConfig: Setting CVar [[s.PriorityLevelStreamingActorsUpdateExtraTime:5.0]]
[2022.04.14-16.23.13:540][  0]LogConfig: Setting CVar [[s.LevelStreamingComponentsRegistrationGranularity:10]]
[2022.04.14-16.23.13:540][  0]LogConfig: Setting CVar [[s.UnregisterComponentsTimeLimit:1.0]]
[2022.04.14-16.23.13:540][  0]LogConfig: Setting CVar [[s.LevelStreamingComponentsUnregistrationGranularity:5]]
[2022.04.14-16.23.13:540][  0]LogConfig: Setting CVar [[s.FlushStreamingOnExit:1]]
[2022.04.14-16.23.13:540][  0]LogConfig: Applying CVar settings from Section [/Script/Engine.GarbageCollectionSettings] File [C:/Users/jabar/Documents/UnrealEngineGame/Abscond/Saved/Config/Windows/Engine.ini]
[2022.04.14-16.23.13:540][  0]LogConfig: Setting CVar [[gc.MaxObjectsNotConsideredByGC:1]]
[2022.04.14-16.23.13:540][  0]LogConfig: Setting CVar [[gc.SizeOfPermanentObjectPool:0]]
[2022.04.14-16.23.13:540][  0]LogConfig: Setting CVar [[gc.FlushStreamingOnGC:0]]
[2022.04.14-16.23.13:540][  0]LogConfig: Setting CVar [[gc.NumRetriesBeforeForcingGC:10]]
[2022.04.14-16.23.13:540][  0]LogConfig: Setting CVar [[gc.AllowParallelGC:1]]
[2022.04.14-16.23.13:540][  0]LogConfig: Setting CVar [[gc.TimeBetweenPurgingPendingKillObjects:61.1]]
[2022.04.14-16.23.13:540][  0]LogConfig: Setting CVar [[gc.MaxObjectsInEditor:25165824]]
[2022.04.14-16.23.13:540][  0]LogConfig: Setting CVar [[gc.IncrementalBeginDestroyEnabled:1]]
[2022.04.14-16.23.13:540][  0]LogConfig: Setting CVar [[gc.CreateGCClusters:1]]
[2022.04.14-16.23.13:540][  0]LogConfig: Setting CVar [[gc.MinGCClusterSize:5]]
[2022.04.14-16.23.13:540][  0]LogConfig: Setting CVar [[gc.ActorClusteringEnabled:0]]
[2022.04.14-16.23.13:540][  0]LogConfig: Setting CVar [[gc.BlueprintClusteringEnabled:0]]
[2022.04.14-16.23.13:540][  0]LogConfig: Setting CVar [[gc.UseDisregardForGCOnDedicatedServers:0]]
[2022.04.14-16.23.13:540][  0]LogConfig: Setting CVar [[gc.MultithreadedDestructionEnabled:1]]
[2022.04.14-16.23.13:540][  0]LogConfig: Applying CVar settings from Section [/Script/Engine.NetworkSettings] File [C:/Users/jabar/Documents/UnrealEngineGame/Abscond/Saved/Config/Windows/Engine.ini]
[2022.04.14-16.23.13:540][  0]LogConfig: Applying CVar settings from Section [/Script/UnrealEd.CookerSettings] File [C:/Users/jabar/Documents/UnrealEngineGame/Abscond/Saved/Config/Windows/Engine.ini]
[2022.04.14-16.23.13:547][  0]LogConfig: Applying CVar settings from Section [ViewDistanceQuality@3] File [C:/Users/jabar/Documents/UnrealEngineGame/Abscond/Saved/Config/Windows/Scalability.ini]
[2022.04.14-16.23.13:547][  0]LogConfig: Setting CVar [[r.SkeletalMeshLODBias:0]]
[2022.04.14-16.23.13:547][  0]LogConfig: Setting CVar [[r.ViewDistanceScale:1.0]]
[2022.04.14-16.23.13:547][  0]LogConfig: Applying CVar settings from Section [AntiAliasingQuality@3] File [C:/Users/jabar/Documents/UnrealEngineGame/Abscond/Saved/Config/Windows/Scalability.ini]
[2022.04.14-16.23.13:547][  0]LogConfig: Setting CVar [[r.PostProcessAAQuality:4]]
[2022.04.14-16.23.13:547][  0]LogConfig: Applying CVar settings from Section [ShadowQuality@3] File [C:/Users/jabar/Documents/UnrealEngineGame/Abscond/Saved/Config/Windows/Scalability.ini]
[2022.04.14-16.23.13:547][  0]LogConfig: Setting CVar [[r.LightFunctionQuality:1]]
[2022.04.14-16.23.13:547][  0]LogConfig: Setting CVar [[r.ShadowQuality:5]]
[2022.04.14-16.23.13:547][  0]LogConfig: Setting CVar [[r.Shadow.CSM.MaxCascades:10]]
[2022.04.14-16.23.13:547][  0]LogConfig: Setting CVar [[r.Shadow.MaxResolution:2048]]
[2022.04.14-16.23.13:547][  0]LogConfig: Setting CVar [[r.Shadow.MaxCSMResolution:2048]]
[2022.04.14-16.23.13:547][  0]LogConfig: Setting CVar [[r.Shadow.RadiusThreshold:0.01]]
[2022.04.14-16.23.13:547][  0]LogConfig: Setting CVar [[r.Shadow.DistanceScale:1.0]]
[2022.04.14-16.23.13:547][  0]LogConfig: Setting CVar [[r.Shadow.CSM.TransitionScale:1.0]]
[2022.04.14-16.23.13:547][  0]LogConfig: Setting CVar [[r.Shadow.PreShadowResolutionFactor:1.0]]
[2022.04.14-16.23.13:547][  0]LogConfig: Setting CVar [[r.DistanceFieldShadowing:1]]
[2022.04.14-16.23.13:547][  0]LogConfig: Setting CVar [[r.DistanceFieldAO:1]]
[2022.04.14-16.23.13:547][  0]LogConfig: Setting CVar [[r.AOQuality:2]]
[2022.04.14-16.23.13:547][  0]LogConfig: Setting CVar [[r.VolumetricFog:1]]
[2022.04.14-16.23.13:548][  0]LogConfig: Setting CVar [[r.VolumetricFog.GridPixelSize:8]]
[2022.04.14-16.23.13:548][  0]LogConfig: Setting CVar [[r.VolumetricFog.GridSizeZ:128]]
[2022.04.14-16.23.13:548][  0]LogConfig: Setting CVar [[r.VolumetricFog.HistoryMissSupersampleCount:4]]
[2022.04.14-16.23.13:548][  0]LogConfig: Setting CVar [[r.LightMaxDrawDistanceScale:1]]
[2022.04.14-16.23.13:548][  0]LogConfig: Setting CVar [[r.CapsuleShadows:1]]
[2022.04.14-16.23.13:548][  0]LogConfig: Applying CVar settings from Section [PostProcessQuality@3] File [C:/Users/jabar/Documents/UnrealEngineGame/Abscond/Saved/Config/Windows/Scalability.ini]
[2022.04.14-16.23.13:548][  0]LogConfig: Setting CVar [[r.MotionBlurQuality:4]]
[2022.04.14-16.23.13:548][  0]LogConfig: Setting CVar [[r.AmbientOcclusionMipLevelFactor:0.4]]
[2022.04.14-16.23.13:548][  0]LogConfig: Setting CVar [[r.AmbientOcclusionMaxQuality:100]]
[2022.04.14-16.23.13:548][  0]LogConfig: Setting CVar [[r.AmbientOcclusionLevels:-1]]
[2022.04.14-16.23.13:548][  0]LogConfig: Setting CVar [[r.AmbientOcclusionRadiusScale:1.0]]
[2022.04.14-16.23.13:548][  0]LogConfig: Setting CVar [[r.DepthOfFieldQuality:2]]
[2022.04.14-16.23.13:548][  0]LogConfig: Setting CVar [[r.RenderTargetPoolMin:400]]
[2022.04.14-16.23.13:548][  0]LogConfig: Setting CVar [[r.LensFlareQuality:2]]
[2022.04.14-16.23.13:548][  0]LogConfig: Setting CVar [[r.SceneColorFringeQuality:1]]
[2022.04.14-16.23.13:548][  0]LogConfig: Setting CVar [[r.EyeAdaptationQuality:2]]
[2022.04.14-16.23.13:548][  0]LogConfig: Setting CVar [[r.BloomQuality:5]]
[2022.04.14-16.23.13:548][  0]LogConfig: Setting CVar [[r.FastBlurThreshold:100]]
[2022.04.14-16.23.13:548][  0]LogConfig: Setting CVar [[r.Upscale.Quality:3]]
[2022.04.14-16.23.13:548][  0]LogConfig: Setting CVar [[r.Tonemapper.GrainQuantization:1]]
[2022.04.14-16.23.13:548][  0]LogConfig: Setting CVar [[r.LightShaftQuality:1]]
[2022.04.14-16.23.13:548][  0]LogConfig: Setting CVar [[r.Filter.SizeScale:1]]
[2022.04.14-16.23.13:548][  0]LogConfig: Setting CVar [[r.Tonemapper.Quality:5]]
[2022.04.14-16.23.13:548][  0]LogConfig: Setting CVar [[r.DOF.Gather.AccumulatorQuality:1        ; higher gathering accumulator quality]]
[2022.04.14-16.23.13:548][  0]LogConfig: Setting CVar [[r.DOF.Gather.PostfilterMethod:1          ; Median3x3 postfilering method]]
[2022.04.14-16.23.13:548][  0]LogConfig: Setting CVar [[r.DOF.Gather.EnableBokehSettings:0       ; no bokeh simulation when gathering]]
[2022.04.14-16.23.13:548][  0]LogConfig: Setting CVar [[r.DOF.Gather.RingCount:4                 ; medium number of samples when gathering]]
[2022.04.14-16.23.13:548][  0]LogConfig: Setting CVar [[r.DOF.Scatter.ForegroundCompositing:1    ; additive foreground scattering]]
[2022.04.14-16.23.13:548][  0]LogConfig: Setting CVar [[r.DOF.Scatter.BackgroundCompositing:2    ; additive background scattering]]
[2022.04.14-16.23.13:548][  0]LogConfig: Setting CVar [[r.DOF.Scatter.EnableBokehSettings:1      ; bokeh simulation when scattering]]
[2022.04.14-16.23.13:548][  0]LogConfig: Setting CVar [[r.DOF.Scatter.MaxSpriteRatio:0.1         ; only a maximum of 10% of scattered bokeh]]
[2022.04.14-16.23.13:548][  0]LogConfig: Setting CVar [[r.DOF.Recombine.Quality:1                ; cheap slight out of focus]]
[2022.04.14-16.23.13:548][  0]LogConfig: Setting CVar [[r.DOF.Recombine.EnableBokehSettings:0    ; no bokeh simulation on slight out of focus]]
[2022.04.14-16.23.13:548][  0]LogConfig: Setting CVar [[r.DOF.TemporalAAQuality:1                ; more stable temporal accumulation]]
[2022.04.14-16.23.13:548][  0]LogConfig: Setting CVar [[r.DOF.Kernel.MaxForegroundRadius:0.025]]
[2022.04.14-16.23.13:548][  0]LogConfig: Setting CVar [[r.DOF.Kernel.MaxBackgroundRadius:0.025]]
[2022.04.14-16.23.13:548][  0]LogConfig: Applying CVar settings from Section [TextureQuality@3] File [C:/Users/jabar/Documents/UnrealEngineGame/Abscond/Saved/Config/Windows/Scalability.ini]
[2022.04.14-16.23.13:548][  0]LogConfig: Setting CVar [[r.Streaming.MipBias:0]]
[2022.04.14-16.23.13:548][  0]LogConfig: Setting CVar [[r.Streaming.AmortizeCPUToGPUCopy:0]]
[2022.04.14-16.23.13:548][  0]LogConfig: Setting CVar [[r.Streaming.MaxNumTexturesToStreamPerFrame:0]]
[2022.04.14-16.23.13:548][  0]LogConfig: Setting CVar [[r.Streaming.Boost:1]]
[2022.04.14-16.23.13:548][  0]LogConfig: Setting CVar [[r.MaxAnisotropy:8]]
[2022.04.14-16.23.13:548][  0]LogConfig: Setting CVar [[r.VT.MaxAnisotropy:8]]
[2022.04.14-16.23.13:548][  0]LogConfig: Setting CVar [[r.Streaming.LimitPoolSizeToVRAM:0]]
[2022.04.14-16.23.13:548][  0]LogConfig: Setting CVar [[r.Streaming.PoolSize:1000]]
[2022.04.14-16.23.13:548][  0]LogConfig: Setting CVar [[r.Streaming.MaxEffectiveScreenSize:0]]
[2022.04.14-16.23.13:548][  0]LogConfig: Applying CVar settings from Section [EffectsQuality@3] File [C:/Users/jabar/Documents/UnrealEngineGame/Abscond/Saved/Config/Windows/Scalability.ini]
[2022.04.14-16.23.13:548][  0]LogConfig: Setting CVar [[r.TranslucencyLightingVolumeDim:64]]
[2022.04.14-16.23.13:548][  0]LogConfig: Setting CVar [[r.RefractionQuality:2]]
[2022.04.14-16.23.13:548][  0]LogConfig: Setting CVar [[r.SSR.Quality:3]]
[2022.04.14-16.23.13:548][  0]LogConfig: Setting CVar [[r.SSR.HalfResSceneColor:0]]
[2022.04.14-16.23.13:548][  0]LogConfig: Setting CVar [[r.SceneColorFormat:4]]
[2022.04.14-16.23.13:548][  0]LogConfig: Setting CVar [[r.DetailMode:2]]
[2022.04.14-16.23.13:548][  0]LogConfig: Setting CVar [[r.TranslucencyVolumeBlur:1]]
[2022.04.14-16.23.13:548][  0]LogConfig: Setting CVar [[r.MaterialQualityLevel:1 ; High quality]]
[2022.04.14-16.23.13:548][  0]LogConfig: Setting CVar [[r.AnisotropicMaterials:1]]
[2022.04.14-16.23.13:548][  0]LogConfig: Setting CVar [[r.SSS.Scale:1]]
[2022.04.14-16.23.13:548][  0]LogConfig: Setting CVar [[r.SSS.SampleSet:2]]
[2022.04.14-16.23.13:548][  0]LogConfig: Setting CVar [[r.SSS.Quality:1]]
[2022.04.14-16.23.13:548][  0]LogConfig: Setting CVar [[r.SSS.HalfRes:0]]
[2022.04.14-16.23.13:548][  0]LogConfig: Setting CVar [[r.SSGI.Quality:3]]
[2022.04.14-16.23.13:548][  0]LogConfig: Setting CVar [[r.EmitterSpawnRateScale:1.0]]
[2022.04.14-16.23.13:548][  0]LogConfig: Setting CVar [[r.ParticleLightQuality:2]]
[2022.04.14-16.23.13:548][  0]LogConfig: Setting CVar [[r.SkyAtmosphere.AerialPerspectiveLUT.FastApplyOnOpaque:1 ; Always have FastSkyLUT 1 in this case to avoid wrong sky]]
[2022.04.14-16.23.13:548][  0]LogConfig: Setting CVar [[r.SkyAtmosphere.AerialPerspectiveLUT.SampleCountMaxPerSlice:4]]
[2022.04.14-16.23.13:548][  0]LogConfig: Setting CVar [[r.SkyAtmosphere.AerialPerspectiveLUT.DepthResolution:16.0]]
[2022.04.14-16.23.13:548][  0]LogConfig: Setting CVar [[r.SkyAtmosphere.FastSkyLUT:1]]
[2022.04.14-16.23.13:548][  0]LogConfig: Setting CVar [[r.SkyAtmosphere.FastSkyLUT.SampleCountMin:4.0]]
[2022.04.14-16.23.13:548][  0]LogConfig: Setting CVar [[r.SkyAtmosphere.FastSkyLUT.SampleCountMax:128.0]]
[2022.04.14-16.23.13:548][  0]LogConfig: Setting CVar [[r.SkyAtmosphere.SampleCountMin:4.0]]
[2022.04.14-16.23.13:548][  0]LogConfig: Setting CVar [[r.SkyAtmosphere.SampleCountMax:128.0]]
[2022.04.14-16.23.13:548][  0]LogConfig: Setting CVar [[r.SkyAtmosphere.TransmittanceLUT.UseSmallFormat:0]]
[2022.04.14-16.23.13:548][  0]LogConfig: Setting CVar [[r.SkyAtmosphere.TransmittanceLUT.SampleCount:10.0]]
[2022.04.14-16.23.13:548][  0]LogConfig: Setting CVar [[r.SkyAtmosphere.MultiScatteringLUT.SampleCount:15.0]]
[2022.04.14-16.23.13:548][  0]LogConfig: Setting CVar [[r.SkyLight.RealTimeReflectionCapture:1]]
[2022.04.14-16.23.13:548][  0]LogConfig: Applying CVar settings from Section [FoliageQuality@3] File [C:/Users/jabar/Documents/UnrealEngineGame/Abscond/Saved/Config/Windows/Scalability.ini]
[2022.04.14-16.23.13:548][  0]LogConfig: Setting CVar [[foliage.DensityScale:1.0]]
[2022.04.14-16.23.13:548][  0]LogConfig: Setting CVar [[grass.DensityScale:1.0]]
[2022.04.14-16.23.13:548][  0]LogConfig: Applying CVar settings from Section [ShadingQuality@3] File [C:/Users/jabar/Documents/UnrealEngineGame/Abscond/Saved/Config/Windows/Scalability.ini]
[2022.04.14-16.23.13:548][  0]LogConfig: Setting CVar [[r.HairStrands.SkyLighting.IntegrationType:2]]
[2022.04.14-16.23.13:548][  0]LogConfig: Setting CVar [[r.HairStrands.SkyAO.SampleCount:4]]
[2022.04.14-16.23.13:548][  0]LogConfig: Setting CVar [[r.HairStrands.Visibility.MSAA.SamplePerPixel:4]]
[2022.04.14-16.23.13:549][  0]LogInit: Selected Device Profile: [Windows]
[2022.04.14-16.23.13:549][  0]LogInit: Applying CVar settings loaded from the selected device profile: [Windows]
[2022.04.14-16.23.13:549][  0]LogHAL: Display: Platform has ~ 32 GB [34145378304 / 34359738368 / 32], which maps to Largest [LargestMinGB=32, LargerMinGB=12, DefaultMinGB=8, SmallerMinGB=6, SmallestMinGB=0)
[2022.04.14-16.23.13:549][  0]LogInit: Going up to parent DeviceProfile []
[2022.04.14-16.23.13:549][  0]LogConfig: Applying CVar settings from Section [ViewDistanceQuality@3] File [C:/Users/jabar/Documents/UnrealEngineGame/Abscond/Saved/Config/Windows/Scalability.ini]
[2022.04.14-16.23.13:549][  0]LogConfig: Setting CVar [[r.SkeletalMeshLODBias:0]]
[2022.04.14-16.23.13:549][  0]LogConfig: Setting CVar [[r.ViewDistanceScale:1.0]]
[2022.04.14-16.23.13:549][  0]LogConfig: Applying CVar settings from Section [AntiAliasingQuality@3] File [C:/Users/jabar/Documents/UnrealEngineGame/Abscond/Saved/Config/Windows/Scalability.ini]
[2022.04.14-16.23.13:549][  0]LogConfig: Setting CVar [[r.PostProcessAAQuality:4]]
[2022.04.14-16.23.13:549][  0]LogConfig: Applying CVar settings from Section [ShadowQuality@3] File [C:/Users/jabar/Documents/UnrealEngineGame/Abscond/Saved/Config/Windows/Scalability.ini]
[2022.04.14-16.23.13:549][  0]LogConfig: Setting CVar [[r.LightFunctionQuality:1]]
[2022.04.14-16.23.13:549][  0]LogConfig: Setting CVar [[r.ShadowQuality:5]]
[2022.04.14-16.23.13:549][  0]LogConfig: Setting CVar [[r.Shadow.CSM.MaxCascades:10]]
[2022.04.14-16.23.13:549][  0]LogConfig: Setting CVar [[r.Shadow.MaxResolution:2048]]
[2022.04.14-16.23.13:549][  0]LogConfig: Setting CVar [[r.Shadow.MaxCSMResolution:2048]]
[2022.04.14-16.23.13:549][  0]LogConfig: Setting CVar [[r.Shadow.RadiusThreshold:0.01]]
[2022.04.14-16.23.13:549][  0]LogConfig: Setting CVar [[r.Shadow.DistanceScale:1.0]]
[2022.04.14-16.23.13:549][  0]LogConfig: Setting CVar [[r.Shadow.CSM.TransitionScale:1.0]]
[2022.04.14-16.23.13:549][  0]LogConfig: Setting CVar [[r.Shadow.PreShadowResolutionFactor:1.0]]
[2022.04.14-16.23.13:549][  0]LogConfig: Setting CVar [[r.DistanceFieldShadowing:1]]
[2022.04.14-16.23.13:549][  0]LogConfig: Setting CVar [[r.DistanceFieldAO:1]]
[2022.04.14-16.23.13:549][  0]LogConfig: Setting CVar [[r.AOQuality:2]]
[2022.04.14-16.23.13:549][  0]LogConfig: Setting CVar [[r.VolumetricFog:1]]
[2022.04.14-16.23.13:549][  0]LogConfig: Setting CVar [[r.VolumetricFog.GridPixelSize:8]]
[2022.04.14-16.23.13:549][  0]LogConfig: Setting CVar [[r.VolumetricFog.GridSizeZ:128]]
[2022.04.14-16.23.13:549][  0]LogConfig: Setting CVar [[r.VolumetricFog.HistoryMissSupersampleCount:4]]
[2022.04.14-16.23.13:549][  0]LogConfig: Setting CVar [[r.LightMaxDrawDistanceScale:1]]
[2022.04.14-16.23.13:549][  0]LogConfig: Setting CVar [[r.CapsuleShadows:1]]
[2022.04.14-16.23.13:549][  0]LogConfig: Applying CVar settings from Section [PostProcessQuality@3] File [C:/Users/jabar/Documents/UnrealEngineGame/Abscond/Saved/Config/Windows/Scalability.ini]
[2022.04.14-16.23.13:549][  0]LogConfig: Setting CVar [[r.MotionBlurQuality:4]]
[2022.04.14-16.23.13:549][  0]LogConfig: Setting CVar [[r.AmbientOcclusionMipLevelFactor:0.4]]
[2022.04.14-16.23.13:549][  0]LogConfig: Setting CVar [[r.AmbientOcclusionMaxQuality:100]]
[2022.04.14-16.23.13:549][  0]LogConfig: Setting CVar [[r.AmbientOcclusionLevels:-1]]
[2022.04.14-16.23.13:549][  0]LogConfig: Setting CVar [[r.AmbientOcclusionRadiusScale:1.0]]
[2022.04.14-16.23.13:549][  0]LogConfig: Setting CVar [[r.DepthOfFieldQuality:2]]
[2022.04.14-16.23.13:549][  0]LogConfig: Setting CVar [[r.RenderTargetPoolMin:400]]
[2022.04.14-16.23.13:549][  0]LogConfig: Setting CVar [[r.LensFlareQuality:2]]
[2022.04.14-16.23.13:549][  0]LogConfig: Setting CVar [[r.SceneColorFringeQuality:1]]
[2022.04.14-16.23.13:549][  0]LogConfig: Setting CVar [[r.EyeAdaptationQuality:2]]
[2022.04.14-16.23.13:549][  0]LogConfig: Setting CVar [[r.BloomQuality:5]]
[2022.04.14-16.23.13:549][  0]LogConfig: Setting CVar [[r.FastBlurThreshold:100]]
[2022.04.14-16.23.13:549][  0]LogConfig: Setting CVar [[r.Upscale.Quality:3]]
[2022.04.14-16.23.13:549][  0]LogConfig: Setting CVar [[r.Tonemapper.GrainQuantization:1]]
[2022.04.14-16.23.13:549][  0]LogConfig: Setting CVar [[r.LightShaftQuality:1]]
[2022.04.14-16.23.13:549][  0]LogConfig: Setting CVar [[r.Filter.SizeScale:1]]
[2022.04.14-16.23.13:549][  0]LogConfig: Setting CVar [[r.Tonemapper.Quality:5]]
[2022.04.14-16.23.13:549][  0]LogConfig: Setting CVar [[r.DOF.Gather.AccumulatorQuality:1        ; higher gathering accumulator quality]]
[2022.04.14-16.23.13:549][  0]LogConfig: Setting CVar [[r.DOF.Gather.PostfilterMethod:1          ; Median3x3 postfilering method]]
[2022.04.14-16.23.13:549][  0]LogConfig: Setting CVar [[r.DOF.Gather.EnableBokehSettings:0       ; no bokeh simulation when gathering]]
[2022.04.14-16.23.13:549][  0]LogConfig: Setting CVar [[r.DOF.Gather.RingCount:4                 ; medium number of samples when gathering]]
[2022.04.14-16.23.13:549][  0]LogConfig: Setting CVar [[r.DOF.Scatter.ForegroundCompositing:1    ; additive foreground scattering]]
[2022.04.14-16.23.13:549][  0]LogConfig: Setting CVar [[r.DOF.Scatter.BackgroundCompositing:2    ; additive background scattering]]
[2022.04.14-16.23.13:549][  0]LogConfig: Setting CVar [[r.DOF.Scatter.EnableBokehSettings:1      ; bokeh simulation when scattering]]
[2022.04.14-16.23.13:549][  0]LogConfig: Setting CVar [[r.DOF.Scatter.MaxSpriteRatio:0.1         ; only a maximum of 10% of scattered bokeh]]
[2022.04.14-16.23.13:549][  0]LogConfig: Setting CVar [[r.DOF.Recombine.Quality:1                ; cheap slight out of focus]]
[2022.04.14-16.23.13:549][  0]LogConfig: Setting CVar [[r.DOF.Recombine.EnableBokehSettings:0    ; no bokeh simulation on slight out of focus]]
[2022.04.14-16.23.13:549][  0]LogConfig: Setting CVar [[r.DOF.TemporalAAQuality:1                ; more stable temporal accumulation]]
[2022.04.14-16.23.13:549][  0]LogConfig: Setting CVar [[r.DOF.Kernel.MaxForegroundRadius:0.025]]
[2022.04.14-16.23.13:549][  0]LogConfig: Setting CVar [[r.DOF.Kernel.MaxBackgroundRadius:0.025]]
[2022.04.14-16.23.13:549][  0]LogConfig: Applying CVar settings from Section [TextureQuality@3] File [C:/Users/jabar/Documents/UnrealEngineGame/Abscond/Saved/Config/Windows/Scalability.ini]
[2022.04.14-16.23.13:549][  0]LogConfig: Setting CVar [[r.Streaming.MipBias:0]]
[2022.04.14-16.23.13:549][  0]LogConfig: Setting CVar [[r.Streaming.AmortizeCPUToGPUCopy:0]]
[2022.04.14-16.23.13:549][  0]LogConfig: Setting CVar [[r.Streaming.MaxNumTexturesToStreamPerFrame:0]]
[2022.04.14-16.23.13:549][  0]LogConfig: Setting CVar [[r.Streaming.Boost:1]]
[2022.04.14-16.23.13:549][  0]LogConfig: Setting CVar [[r.MaxAnisotropy:8]]
[2022.04.14-16.23.13:549][  0]LogConfig: Setting CVar [[r.VT.MaxAnisotropy:8]]
[2022.04.14-16.23.13:549][  0]LogConfig: Setting CVar [[r.Streaming.LimitPoolSizeToVRAM:0]]
[2022.04.14-16.23.13:549][  0]LogConfig: Setting CVar [[r.Streaming.PoolSize:1000]]
[2022.04.14-16.23.13:549][  0]LogConfig: Setting CVar [[r.Streaming.MaxEffectiveScreenSize:0]]
[2022.04.14-16.23.13:549][  0]LogConfig: Applying CVar settings from Section [EffectsQuality@3] File [C:/Users/jabar/Documents/UnrealEngineGame/Abscond/Saved/Config/Windows/Scalability.ini]
[2022.04.14-16.23.13:549][  0]LogConfig: Setting CVar [[r.TranslucencyLightingVolumeDim:64]]
[2022.04.14-16.23.13:549][  0]LogConfig: Setting CVar [[r.RefractionQuality:2]]
[2022.04.14-16.23.13:549][  0]LogConfig: Setting CVar [[r.SSR.Quality:3]]
[2022.04.14-16.23.13:549][  0]LogConfig: Setting CVar [[r.SSR.HalfResSceneColor:0]]
[2022.04.14-16.23.13:549][  0]LogConfig: Setting CVar [[r.SceneColorFormat:4]]
[2022.04.14-16.23.13:549][  0]LogConfig: Setting CVar [[r.DetailMode:2]]
[2022.04.14-16.23.13:549][  0]LogConfig: Setting CVar [[r.TranslucencyVolumeBlur:1]]
[2022.04.14-16.23.13:549][  0]LogConfig: Setting CVar [[r.MaterialQualityLevel:1 ; High quality]]
[2022.04.14-16.23.13:549][  0]LogConfig: Setting CVar [[r.AnisotropicMaterials:1]]
[2022.04.14-16.23.13:550][  0]LogConfig: Setting CVar [[r.SSS.Scale:1]]
[2022.04.14-16.23.13:550][  0]LogConfig: Setting CVar [[r.SSS.SampleSet:2]]
[2022.04.14-16.23.13:550][  0]LogConfig: Setting CVar [[r.SSS.Quality:1]]
[2022.04.14-16.23.13:550][  0]LogConfig: Setting CVar [[r.SSS.HalfRes:0]]
[2022.04.14-16.23.13:550][  0]LogConfig: Setting CVar [[r.SSGI.Quality:3]]
[2022.04.14-16.23.13:550][  0]LogConfig: Setting CVar [[r.EmitterSpawnRateScale:1.0]]
[2022.04.14-16.23.13:550][  0]LogConfig: Setting CVar [[r.ParticleLightQuality:2]]
[2022.04.14-16.23.13:550][  0]LogConfig: Setting CVar [[r.SkyAtmosphere.AerialPerspectiveLUT.FastApplyOnOpaque:1 ; Always have FastSkyLUT 1 in this case to avoid wrong sky]]
[2022.04.14-16.23.13:550][  0]LogConfig: Setting CVar [[r.SkyAtmosphere.AerialPerspectiveLUT.SampleCountMaxPerSlice:4]]
[2022.04.14-16.23.13:550][  0]LogConfig: Setting CVar [[r.SkyAtmosphere.AerialPerspectiveLUT.DepthResolution:16.0]]
[2022.04.14-16.23.13:550][  0]LogConfig: Setting CVar [[r.SkyAtmosphere.FastSkyLUT:1]]
[2022.04.14-16.23.13:550][  0]LogConfig: Setting CVar [[r.SkyAtmosphere.FastSkyLUT.SampleCountMin:4.0]]
[2022.04.14-16.23.13:550][  0]LogConfig: Setting CVar [[r.SkyAtmosphere.FastSkyLUT.SampleCountMax:128.0]]
[2022.04.14-16.23.13:550][  0]LogConfig: Setting CVar [[r.SkyAtmosphere.SampleCountMin:4.0]]
[2022.04.14-16.23.13:550][  0]LogConfig: Setting CVar [[r.SkyAtmosphere.SampleCountMax:128.0]]
[2022.04.14-16.23.13:550][  0]LogConfig: Setting CVar [[r.SkyAtmosphere.TransmittanceLUT.UseSmallFormat:0]]
[2022.04.14-16.23.13:550][  0]LogConfig: Setting CVar [[r.SkyAtmosphere.TransmittanceLUT.SampleCount:10.0]]
[2022.04.14-16.23.13:550][  0]LogConfig: Setting CVar [[r.SkyAtmosphere.MultiScatteringLUT.SampleCount:15.0]]
[2022.04.14-16.23.13:550][  0]LogConfig: Setting CVar [[r.SkyLight.RealTimeReflectionCapture:1]]
[2022.04.14-16.23.13:550][  0]LogConfig: Applying CVar settings from Section [FoliageQuality@3] File [C:/Users/jabar/Documents/UnrealEngineGame/Abscond/Saved/Config/Windows/Scalability.ini]
[2022.04.14-16.23.13:550][  0]LogConfig: Setting CVar [[foliage.DensityScale:1.0]]
[2022.04.14-16.23.13:550][  0]LogConfig: Setting CVar [[grass.DensityScale:1.0]]
[2022.04.14-16.23.13:550][  0]LogConfig: Applying CVar settings from Section [ShadingQuality@3] File [C:/Users/jabar/Documents/UnrealEngineGame/Abscond/Saved/Config/Windows/Scalability.ini]
[2022.04.14-16.23.13:550][  0]LogConfig: Setting CVar [[r.HairStrands.SkyLighting.IntegrationType:2]]
[2022.04.14-16.23.13:550][  0]LogConfig: Setting CVar [[r.HairStrands.SkyAO.SampleCount:4]]
[2022.04.14-16.23.13:550][  0]LogConfig: Setting CVar [[r.HairStrands.Visibility.MSAA.SamplePerPixel:4]]
[2022.04.14-16.23.13:550][  0]LogConfig: Applying CVar settings from Section [Startup] File [../../../Engine/Config/ConsoleVariables.ini]
[2022.04.14-16.23.13:550][  0]LogConfig: Setting CVar [[net.UseAdaptiveNetUpdateFrequency:0]]
[2022.04.14-16.23.13:550][  0]LogConfig: Setting CVar [[p.chaos.AllowCreatePhysxBodies:1]]
[2022.04.14-16.23.13:550][  0]LogConfig: Setting CVar [[fx.SkipVectorVMBackendOptimizations:1]]
[2022.04.14-16.23.13:550][  0]LogConfig: Applying CVar settings from Section [ConsoleVariables] File [C:/Users/jabar/Documents/UnrealEngineGame/Abscond/Saved/Config/Windows/Engine.ini]
[2022.04.14-16.23.13:550][  0]LogConfig: Applying CVar settings from Section [ConsoleVariables] File [C:/Users/jabar/Documents/UnrealEngineGame/Abscond/Saved/Config/Windows/Editor.ini]
[2022.04.14-16.23.13:550][  0]LogInit: Computer: DATBOIBARI
[2022.04.14-16.23.13:550][  0]LogInit: User: jabar
[2022.04.14-16.23.13:550][  0]LogInit: CPU Page size=4096, Cores=6
[2022.04.14-16.23.13:550][  0]LogInit: High frequency timer resolution =10.000000 MHz
[2022.04.14-16.23.13:550][  0]LogMemory: Memory total: Physical=31.8GB (32GB approx)
[2022.04.14-16.23.13:550][  0]LogMemory: Platform Memory Stats for Windows
[2022.04.14-16.23.13:550][  0]LogMemory: Process Physical Memory: 147.56 MB used, 147.56 MB peak
[2022.04.14-16.23.13:550][  0]LogMemory: Process Virtual Memory: 131.77 MB used, 131.77 MB peak
[2022.04.14-16.23.13:550][  0]LogMemory: Physical Memory: 13567.61 MB used,  18995.96 MB free, 32563.57 MB total
[2022.04.14-16.23.13:551][  0]LogMemory: Virtual Memory: 134197712.00 MB used,  20014.82 MB free, 134217728.00 MB total
[2022.04.14-16.23.13:982][  0]LogWindows: WindowsPlatformFeatures enabled
[2022.04.14-16.23.14:040][  0]LogInit: Physics initialised using underlying interface: PhysX
[2022.04.14-16.23.14:041][  0]LogInit: Using OS detected language (en-US).
[2022.04.14-16.23.14:041][  0]LogInit: Using OS detected locale (en-US).
[2022.04.14-16.23.14:048][  0]LogTextLocalizationManager: No specific localization for 'en-US' exists, so the 'en' localization will be used.
[2022.04.14-16.23.14:275][  0]LogInit: Setting process to per monitor DPI aware
[2022.04.14-16.23.14:292][  0]LogWindowsTextInputMethodSystem: Display: IME system deactivated.
[2022.04.14-16.23.14:311][  0]LogSlate: New Slate User Created.  User Index 0, Is Virtual User: 0
[2022.04.14-16.23.14:311][  0]LogSlate: Slate User Registered.  User Index 0, Is Virtual User: 0
[2022.04.14-16.23.14:581][  0]LogD3D11RHI: Loaded GFSDK_Aftermath_Lib.x64.dll
[2022.04.14-16.23.14:689][  0]LogHMD: Failed to initialize OpenVR with code 100
[2022.04.14-16.23.14:689][  0]LogD3D11RHI: D3D11 min allowed feature level: 11_0
[2022.04.14-16.23.14:689][  0]LogD3D11RHI: D3D11 max allowed feature level: 11_0
[2022.04.14-16.23.14:689][  0]LogD3D11RHI: D3D11 adapters:
[2022.04.14-16.23.14:823][  0]LogD3D11RHI:    0. 'NVIDIA GeForce RTX 2060' (Feature Level 11_0)
[2022.04.14-16.23.14:823][  0]LogD3D11RHI:       5980/0/16281 MB DedicatedVideo/DedicatedSystem/SharedSystem, Outputs:1, VendorId:0x10de
[2022.04.14-16.23.14:877][  0]LogD3D11RHI:    1. 'Intel(R) UHD Graphics 630' (Feature Level 11_0)
[2022.04.14-16.23.14:877][  0]LogD3D11RHI:       128/0/16281 MB DedicatedVideo/DedicatedSystem/SharedSystem, Outputs:0, VendorId:0x8086
[2022.04.14-16.23.14:880][  0]LogD3D11RHI:    2. 'Microsoft Basic Render Driver' (Feature Level 11_0)
[2022.04.14-16.23.14:880][  0]LogD3D11RHI:       0/0/16281 MB DedicatedVideo/DedicatedSystem/SharedSystem, Outputs:0, VendorId:0x1414
[2022.04.14-16.23.14:880][  0]LogD3D11RHI: Chosen D3D11 Adapter:
[2022.04.14-16.23.14:880][  0]LogD3D11RHI:     Description : NVIDIA GeForce RTX 2060
[2022.04.14-16.23.14:880][  0]LogD3D11RHI:     VendorId    : 10de
[2022.04.14-16.23.14:880][  0]LogD3D11RHI:     DeviceId    : 1f11
[2022.04.14-16.23.14:880][  0]LogD3D11RHI:     SubSysId    : 8a11028
[2022.04.14-16.23.14:880][  0]LogD3D11RHI:     Revision    : 00a1
[2022.04.14-16.23.14:880][  0]LogD3D11RHI:     DedicatedVideoMemory : 6270484480 bytes
[2022.04.14-16.23.14:880][  0]LogD3D11RHI:     DedicatedSystemMemory : 0 bytes
[2022.04.14-16.23.14:880][  0]LogD3D11RHI:     SharedSystemMemory : 17072689152 bytes
[2022.04.14-16.23.14:880][  0]LogD3D11RHI:     AdapterLuid : 0 83223
[2022.04.14-16.23.14:890][  0]LogD3D11RHI: Creating new Direct3DDevice
[2022.04.14-16.23.14:890][  0]LogD3D11RHI:     GPU DeviceId: 0x1f11 (for the marketing name, search the web for "GPU Device Id")
[2022.04.14-16.23.14:890][  0]LogWindows: EnumDisplayDevices:
[2022.04.14-16.23.14:890][  0]LogWindows:    0. 'Intel(R) UHD Graphics 630' (P:1 D:1)
[2022.04.14-16.23.14:890][  0]LogWindows:    1. 'Intel(R) UHD Graphics 630' (P:0 D:0)
[2022.04.14-16.23.14:891][  0]LogWindows:    2. 'Intel(R) UHD Graphics 630' (P:0 D:0)
[2022.04.14-16.23.14:891][  0]LogWindows:    3. 'NVIDIA GeForce RTX 2060' (P:0 D:0)
[2022.04.14-16.23.14:891][  0]LogWindows:    4. 'NVIDIA GeForce RTX 2060' (P:0 D:0)
[2022.04.14-16.23.14:892][  0]LogWindows:    5. 'NVIDIA GeForce RTX 2060' (P:0 D:0)
[2022.04.14-16.23.14:892][  0]LogWindows:    6. 'NVIDIA GeForce RTX 2060' (P:0 D:0)
[2022.04.14-16.23.14:892][  0]LogWindows: DebugString: PrimaryIsNotTheChoosenAdapter PrimaryIsNotTheChoosenAdapter PrimaryIsNotTheChoosenAdapter FoundDriverCount:4 
[2022.04.14-16.23.14:892][  0]LogD3D11RHI:     Adapter Name: NVIDIA GeForce RTX 2060
[2022.04.14-16.23.14:892][  0]LogD3D11RHI:   Driver Version: 471.35 (internal:30.0.14.7135, unified:471.35)
[2022.04.14-16.23.14:892][  0]LogD3D11RHI:      Driver Date: 7-7-2021
[2022.04.14-16.23.14:892][  0]LogRHI: Texture pool is 4186 MB (70% of 5980 MB)
[2022.04.14-16.23.14:892][  0]LogD3D11RHI: Creating D3DDevice using adapter:
[2022.04.14-16.23.14:892][  0]LogD3D11RHI:     Description : NVIDIA GeForce RTX 2060
[2022.04.14-16.23.14:892][  0]LogD3D11RHI:     VendorId    : 10de
[2022.04.14-16.23.14:892][  0]LogD3D11RHI:     DeviceId    : 1f11
[2022.04.14-16.23.14:892][  0]LogD3D11RHI:     SubSysId    : 8a11028
[2022.04.14-16.23.14:892][  0]LogD3D11RHI:     Revision    : 00a1
[2022.04.14-16.23.14:892][  0]LogD3D11RHI:     DedicatedVideoMemory : 6270484480 bytes
[2022.04.14-16.23.14:892][  0]LogD3D11RHI:     DedicatedSystemMemory : 0 bytes
[2022.04.14-16.23.14:892][  0]LogD3D11RHI:     SharedSystemMemory : 17072689152 bytes
[2022.04.14-16.23.14:892][  0]LogD3D11RHI:     AdapterLuid : 0 83223
[2022.04.14-16.23.14:968][  0]LogD3D11RHI: RHI has support for 64 bit atomics
[2022.04.14-16.23.14:968][  0]LogD3D11RHI: Async texture creation enabled
[2022.04.14-16.23.14:968][  0]LogD3D11RHI: Array index from any shader is supported
[2022.04.14-16.23.14:991][  0]LogD3D11RHI: GPU Timing Frequency: 1000.000000 (Debug: 2 1)
[2022.04.14-16.23.15:066][  0]LogRHI: GeForceNow SDK initialized: 1
[2022.04.14-16.23.15:504][  0]LogTargetPlatformManager: Display: Loaded TargetPlatform 'AllDesktop'
[2022.04.14-16.23.15:537][  0]LogTargetPlatformManager: Display: Loaded TargetPlatform 'Android'
[2022.04.14-16.23.15:537][  0]LogTargetPlatformManager: Display: Loaded TargetPlatform 'Android_ASTC'
[2022.04.14-16.23.15:537][  0]LogTargetPlatformManager: Display: Loaded TargetPlatform 'Android_DXT'
[2022.04.14-16.23.15:537][  0]LogTargetPlatformManager: Display: Loaded TargetPlatform 'Android_ETC2'
[2022.04.14-16.23.15:537][  0]LogTargetPlatformManager: Display: Loaded TargetPlatform 'AndroidClient'
[2022.04.14-16.23.15:537][  0]LogTargetPlatformManager: Display: Loaded TargetPlatform 'Android_ASTCClient'
[2022.04.14-16.23.15:537][  0]LogTargetPlatformManager: Display: Loaded TargetPlatform 'Android_DXTClient'
[2022.04.14-16.23.15:537][  0]LogTargetPlatformManager: Display: Loaded TargetPlatform 'Android_ETC2Client'
[2022.04.14-16.23.15:537][  0]LogTargetPlatformManager: Display: Loaded TargetPlatform 'Android_Multi'
[2022.04.14-16.23.15:537][  0]LogTargetPlatformManager: Display: Loaded TargetPlatform 'Android_MultiClient'
[2022.04.14-16.23.15:567][  0]LogTargetPlatformManager: Display: Loaded TargetPlatform 'IOSClient'
[2022.04.14-16.23.15:567][  0]LogTargetPlatformManager: Display: Loaded TargetPlatform 'IOS'
[2022.04.14-16.23.15:583][  0]LogTargetPlatformManager: Display: Loaded TargetPlatform 'Linux'
[2022.04.14-16.23.15:590][  0]LogTargetPlatformManager: Display: Loaded TargetPlatform 'LinuxNoEditor'
[2022.04.14-16.23.15:597][  0]LogTargetPlatformManager: Display: Loaded TargetPlatform 'LinuxClient'
[2022.04.14-16.23.15:605][  0]LogTargetPlatformManager: Display: Loaded TargetPlatform 'LinuxServer'
[2022.04.14-16.23.15:619][  0]LogTargetPlatformManager: Display: Loaded TargetPlatform 'LinuxAArch64NoEditor'
[2022.04.14-16.23.15:627][  0]LogTargetPlatformManager: Display: Loaded TargetPlatform 'LinuxAArch64Client'
[2022.04.14-16.23.15:637][  0]LogTargetPlatformManager: Display: Loaded TargetPlatform 'LinuxAArch64Server'
[2022.04.14-16.23.15:676][  0]LogTargetPlatformManager: Display: Loaded TargetPlatform 'Lumin'
[2022.04.14-16.23.15:677][  0]LogTargetPlatformManager: Display: Loaded TargetPlatform 'LuminClient'
[2022.04.14-16.23.15:694][  0]LogTargetPlatformManager: Display: Loaded TargetPlatform 'MacNoEditor'
[2022.04.14-16.23.15:706][  0]LogTargetPlatformManager: Display: Loaded TargetPlatform 'Mac'
[2022.04.14-16.23.15:713][  0]LogTargetPlatformManager: Display: Loaded TargetPlatform 'MacClient'
[2022.04.14-16.23.15:720][  0]LogTargetPlatformManager: Display: Loaded TargetPlatform 'MacServer'
[2022.04.14-16.23.15:737][  0]LogTargetPlatformManager: Display: Loaded TargetPlatform 'TVOSClient'
[2022.04.14-16.23.15:737][  0]LogTargetPlatformManager: Display: Loaded TargetPlatform 'TVOS'
[2022.04.14-16.23.15:755][  0]LogTargetPlatformManager: Display: Loaded TargetPlatform 'WindowsNoEditor'
[2022.04.14-16.23.15:762][  0]LogTargetPlatformManager: Display: Loaded TargetPlatform 'Windows'
[2022.04.14-16.23.15:771][  0]LogTargetPlatformManager: Display: Loaded TargetPlatform 'WindowsClient'
[2022.04.14-16.23.15:778][  0]LogTargetPlatformManager: Display: Loaded TargetPlatform 'WindowsServer'
[2022.04.14-16.23.15:778][  0]LogTargetPlatformManager: Display: Building Assets For Windows
[2022.04.14-16.23.15:795][  0]LogAudioDebug: Display: Lib vorbis DLL was dynamically loaded.
[2022.04.14-16.23.15:855][  0]LogTextureFormatOodle: Display: Oodle Texture 2.9.0 init RDO Off
[2022.04.14-16.23.15:928][  0]LogRendererCore: Ray tracing is disabled. Reason: r.RayTracing=0.
[2022.04.14-16.23.15:929][  0]LogShaderCompilers: Guid format shader working directory is -20 characters bigger than the processId version (../../../../../../Users/jabar/Documents/UnrealEngineGame/Abscond/Intermediate/Shaders/WorkingDirectory/158084/).
[2022.04.14-16.23.15:929][  0]LogShaderCompilers: Cleaned the shader compiler working directory 'C:/Users/jabar/AppData/Local/Temp/UnrealShaderWorkingDir/80DECDE6451D791747DB08AB66BAA710/'.
[2022.04.14-16.23.15:929][  0]LogXGEController: Cannot use XGE Controller as Incredibuild is not installed on this machine.
[2022.04.14-16.23.15:929][  0]LogShaderCompilers: Cannot use XGE Shader Compiler as Incredibuild is not installed on this machine.
[2022.04.14-16.23.15:929][  0]LogShaderCompilers: Display: Using Local Shader Compiler.
[2022.04.14-16.23.17:046][  0]LogDerivedDataCache: Display: Max Cache Size: 512 MB
[2022.04.14-16.23.17:117][  0]LogDerivedDataCache: Loaded boot cache 0.07s 94MB C:/Users/jabar/AppData/Local/UnrealEngine/4.27/DerivedDataCache/Boot.ddc.
[2022.04.14-16.23.17:117][  0]LogDerivedDataCache: Display: Loaded Boot cache: C:/Users/jabar/AppData/Local/UnrealEngine/4.27/DerivedDataCache/Boot.ddc
[2022.04.14-16.23.17:117][  0]LogDerivedDataCache: FDerivedDataBackendGraph:  Pak pak cache file ../../../../../../Users/jabar/Documents/UnrealEngineGame/Abscond/DerivedDataCache/DDC.ddp not found, will not use a pak cache.
[2022.04.14-16.23.17:117][  0]LogDerivedDataCache: Unable to find inner node Pak for hierarchical cache Hierarchy.
[2022.04.14-16.23.17:118][  0]LogDerivedDataCache: FDerivedDataBackendGraph:  CompressedPak pak cache file ../../../../../../Users/jabar/Documents/UnrealEngineGame/Abscond/DerivedDataCache/Compressed.ddp not found, will not use a pak cache.
[2022.04.14-16.23.17:118][  0]LogDerivedDataCache: Unable to find inner node CompressedPak for hierarchical cache Hierarchy.
[2022.04.14-16.23.17:138][  0]LogDerivedDataCache: Display: Pak cache opened for reading ../../../Engine/DerivedDataCache/Compressed.ddp.
[2022.04.14-16.23.17:138][  0]LogDerivedDataCache: FDerivedDataBackendGraph:  EnterprisePak pak cache file ../../../Enterprise/DerivedDataCache/Compressed.ddp not found, will not use a pak cache.
[2022.04.14-16.23.17:138][  0]LogDerivedDataCache: Unable to find inner node EnterprisePak for hierarchical cache Hierarchy.
[2022.04.14-16.23.17:151][  0]LogDerivedDataCache: Speed tests for C:/Users/jabar/AppData/Local/UnrealEngine/Common/DerivedDataCache took 0.01 seconds
[2022.04.14-16.23.17:151][  0]LogDerivedDataCache: Display: Performance to C:/Users/jabar/AppData/Local/UnrealEngine/Common/DerivedDataCache: Latency=0.04ms. RandomReadSpeed=389.90MBs, RandomWriteSpeed=98.78MBs. Assigned SpeedClass 'Local'
[2022.04.14-16.23.17:151][  0]LogDerivedDataCache: Using Local data cache path C:/Users/jabar/AppData/Local/UnrealEngine/Common/DerivedDataCache: Writable
[2022.04.14-16.23.17:151][  0]LogDerivedDataCache: Shared data cache path not found in *engine.ini, will not use an Shared cache.
[2022.04.14-16.23.17:151][  0]LogDerivedDataCache: Unable to find inner node Shared for hierarchical cache Hierarchy.
[2022.04.14-16.23.17:216][  0]LogSlate: Using FreeType 2.10.0
[2022.04.14-16.23.17:217][  0]LogSlate: SlateFontServices - WITH_FREETYPE: 1, WITH_HARFBUZZ: 1
[2022.04.14-16.23.17:251][  0]LogAssetRegistry: FAssetRegistry took 0.0034 seconds to start up
[2022.04.14-16.23.17:605][  0]LogInit: Selected Device Profile: [Windows]
[2022.04.14-16.23.17:605][  0]LogInit: Active device profile: [000002542B574700][000002541DE2A880 49] Windows
[2022.04.14-16.23.17:605][  0]LogInit: Profiles: [000002542B574700][000002541DE2A880 49] Windows, [000002542B52F700][00000254263FA9C0 49] WindowsNoEditor, [000002542B577300][00000254263FEB00 49] WindowsServer, [000002542B52CF00][0000025426406C80 49] WindowsClient, [000002542B577500][000002542640AE00 49] IOS, [000002542B523F00][000002542640EF80 49] iPadAir, [000002542B52FB00][0000025426413100 49] iPadAir2, [000002542B4E0500][000002542641B3C0 49] IPadPro, [000002542B4E0600][0000025426417400 49] iPadAir3, [000002542B520100][000002542BE41580 49] iPadAir4, [000002542B4E2C00][000002542BE45700 49] iPadMini2, [000002542B522500][000002542BE49880 49] iPadMini3, [000002542B4E3400][000002542BE4DA00 49] iPadMini4, [000002542B520F00][000002542BE51B80 49] iPadMini5, [000002542B4DBE00][000002542BE582C0 49] iPhone6, [000002542B4DBF00][000002542BE54300 49] iPodTouch6, [000002542B577900][000002542BE605C0 49] iPhone7, [000002542B576100][000002542BE5C600 49] iPodTouch7, [000002542B4D8400][000002542BE64780 49] iPhone5S, [000002542B4E3D00][000002542BE68900 49] iPhone6Plus, [000002542B577400][0000025426402A40 49] iPhone6S, [000002542B4E2000][000002542BE6CB80 49] iPhone6SPlus, [000002542B574900][000002542BE70CC0 49] iPhone7Plus, [000002542B4E0E00][000002542BE78E40 49] iPhoneSE, [000002542B574200][000002542BE7CFC0 49] iPhone8, [000002542B4E2400][000002542BE81140 49] iPhone8Plus, [000002542B575E00][000002542BE852C0 49] iPhoneX, [000002542B4E3E00][000002542BE89440 49] iPhoneXS, [000002542B575600][000002542BE8D5C0 49] iPhoneXSMax, [000002542B4E2500][000002542BE9D740 49] iPhoneXR, [000002542B576A00][000002542BEB38C0 49] iPhone11, [000002542B4E3A00][000002542BEB7A40 49] iPhone11Pro, [000002542B574F00][000002542BF3FBC0 49] iPhone11ProMax, [000002542B4E2300][000002542BF4A1C0 49] iPhoneSE2, [000002542B576700][000002542BF56340 49] iPhone12Mini, [000002542B4E0700][000002542BFEC4C0 49] iPhone12, [000002542B577100][00000254202C0640 49] iPhone12Pro, [000002542B4E3500][00000254203147C0 49] iPhone12ProMax, [000002542B574800][00000254246FC940 49] iPadPro105, [000002542B4E1C00][0000025424700AC0 49] iPadPro129, [000002542B574300][000002542BE74C00 49] iPadPro97, [000002542B4E1D00][000002542C234D40 49] iPadPro2_129, [000002542B574C00][0000025424704E80 49] iPad5, [000002542B4E3000][0000025424708FC0 49] iPad6, [000002542B576C00][0000025424737140 49] iPad7, [000002542B4E2E00][000002542474B2C0 49] iPad8, [000002542B575800][00000254262FD440 49] iPadPro11, [000002542B4E1B00][000002542630B5C0 49] iPadPro2_11, [000002542B575500][000002542638B740 49] iPadPro3_129, [000002542B4E2700][00000254263DF8C0 49] iPadPro4_129, [000002542B574100][00000254263E3A40 49] AppleTV, [000002542B4E2B00][00000254263E7BC0 49] AppleTV4K, [000002542B575B00][00000254263EA1C0 49] TVOS, [000002542B4E0900][00000254246EE340 49] Mac, [000002542B575700][00000254246F24C0 49] MacClient, [000002542B4E2F00][00000254246F6640 49] MacNoEditor, [000002542B574D00][000002542BF1C7C0 49] MacServer, [000002542B4E0300][000002542BF36940 49] Linux, [000002542B576E00][000002542CE6AAC0 49] LinuxAArch64, [000002542B4E1500][000002542CAF4C40 49] LinuxNoEditor, [000002542B576400][0000025424732D80 49] LinuxAArch64NoEditor, [000002542B4E0200][000002542CB28EC0 49] LinuxClient, [000002542B576D00][000002542CB43000 49] LinuxAArch64Client, [000002542B4E0C00][000002542CB47140 49] LinuxServer, [000002542B574400][000002542C1A12C0 49] LinuxAArch64Server, [000002542B4E1000][000002542BA5D440 49] Android, [000002542B523900][000002542C2155C0 49] Android_Low, [000002542B4D9B00][000002542C219740 49] Android_Mid, [000002542B523000][000002542BA838C0 49] Android_High, [000002542B4DA300][000002542BA8DA40 49] Android_Default, [000002542B522000][000002542BA91BC0 49] Android_Adreno4xx, [000002542B4D8100][000002542CA321C0 49] Android_Adreno5xx_Low, [000002542B520B00][000002542CA36340 49] Android_Adreno5xx, [000002542B4D9800][000002542CA3A4C0 49] Android_Adreno6xx, [000002542B521100][000002542CA3E640 49] Android_Adreno6xx_Vulkan, [000002542B4D8800][000002542CA4C7C0 49] Android_Mali_T6xx, [000002542B523600][000002542CA42940 49] Android_Mali_T7xx, [000002542B4D8D00][000002542CA50AC0 49] Android_Mali_T8xx, [000002542B523C00][000002542473EC40 49] Android_Mali_G71, [000002542B4D9500][000002542BEC8DC0 49] Android_Mali_G72, [000002542B523E00][000002542BECCF40 49] Android_Mali_G72_Vulkan, [000002542B4DBD00][000002542C19D080 49] Android_Mali_G76, [000002542B523A00][000002542CE631C0 49] Android_Mali_G76_Vulkan, [000002542B4DB600][000002542BF3B300 49] Android_Mali_G77, [000002542B522200][000002542BF19480 49] Android_Mali_G77_Vulkan, [000002542B4D9200][000002542473B600 49] Android_Mali_G78, [000002542B520A00][000002542CB39780 49] Android_Mali_G78_Vulkan, [000002542B4DB000][000002542BED1900 49] Android_Mali_G710, [000002542B521400][000002542BED5A80 49] Android_Mali_G710_Vulkan, [000002542B4D8700][000002542BED9C00 49] Android_Vulkan_SM5, [000002542B521800][000002542BEDC200 49] Android_PowerVR_G6xxx, [000002542B4D8E00][000002542BEE0380 49] Android_PowerVR_GT7xxx, [000002542B520200][000002542BEE4500 49] Android_PowerVR_GE8xxx, [000002542B4D8600][00000254262BA680 49] Android_PowerVR_GM9xxx, [000002542B522600][00000254262BE800 49] Android_PowerVR_GM9xxx_Vulkan, [000002542B4E0F00][00000254262C2980 49] Android_TegraK1, [000002542B522A00][00000254262C6B00 49] Android_Unknown_Vulkan, [000002542B4E0D00][00000254262CAC80 49] Lumin, [000002542B521200][00000254262CEE00 49] Lumin_Desktop, [000002542B4E0B00][00000254262D2F80 49] HoloLens, 
[2022.04.14-16.23.17:817][  0]LogMeshReduction: Using QuadricMeshReduction for automatic static mesh reduction
[2022.04.14-16.23.17:817][  0]LogMeshReduction: Using SimplygonMeshReduction for automatic skeletal mesh reduction
[2022.04.14-16.23.17:817][  0]LogMeshReduction: Using ProxyLODMeshReduction for automatic mesh merging
[2022.04.14-16.23.17:817][  0]LogMeshReduction: No distributed automatic mesh merging module available
[2022.04.14-16.23.17:817][  0]LogMeshMerging: No distributed automatic mesh merging module available
[2022.04.14-16.23.17:842][  0]LogNetVersion: Abscond 1.0.0, NetCL: 17155196, EngineNetVer: 17, GameNetVer: 0 (Checksum: 990620041)
[2022.04.14-16.23.18:435][  0]LogTexture: Default maximum texture size for cubemaps generated from long-lat sources has been changed from 512 to unlimited. In order to preserve old behaiour for '/Engine/MapTemplates/Sky/DaylightAmbientCubemap.DaylightAmbientCubemap', its maximum texture size has been explicitly set to 512.
[2022.04.14-16.23.18:506][  0]LogHMD: PokeAHoleMaterial loaded successfully
[2022.04.14-16.23.18:515][  0]LogUObjectArray: 17178 objects as part of root set at end of initial load.
[2022.04.14-16.23.18:515][  0]LogUObjectAllocator: 4302048 out of 0 bytes used by permanent object pool.
[2022.04.14-16.23.18:516][  0]LogUObjectArray: CloseDisregardForGC: 0/0 objects in disregard for GC pool
[2022.04.14-16.23.18:978][  0]LogNiagaraDebuggerClient: Niagara Debugger Client Initialized | Session: E2D7849E49A77609AF22DD9157E96865 | Instance: 28E21D45413E596B382707884673005B (DATBOIBARI-158084).
[2022.04.14-16.23.19:029][  0]LogPython: Using Python 3.7.7
[2022.04.14-16.23.19:859][  0]LogTcpMessaging: Initializing TcpMessaging bridge
[2022.04.14-16.23.19:872][  0]LogUdpMessaging: Initializing bridge on interface 0.0.0.0:0 to multicast group 230.0.0.1:6666.
[2022.04.14-16.23.20:160][  0]SourceControl: Source control is disabled
[2022.04.14-16.23.20:160][  0]SourceControl: Source control is disabled
[2022.04.14-16.23.20:173][  0]SourceControl: Source control is disabled
[2022.04.14-16.23.20:178][  0]SourceControl: Source control is disabled
[2022.04.14-16.23.20:191][  0]SourceControl: Source control is disabled
[2022.04.14-16.23.20:202][  0]LogUProjectInfo: Found projects:
[2022.04.14-16.23.20:498][  0]LogOpenImageDenoise: OIDN starting up
[2022.04.14-16.23.20:579][  0]LogAndroidPermission: UAndroidPermissionCallbackProxy::GetInstance
[2022.04.14-16.23.20:616][  0]LogAudioCaptureCore: Display: No Audio Capture implementations found. Audio input will be silent.
[2022.04.14-16.23.20:616][  0]LogAudioCaptureCore: Display: No Audio Capture implementations found. Audio input will be silent.
[2022.04.14-16.23.20:819][  0]LogCollectionManager: Loaded 0 collections in 0.001452 seconds
[2022.04.14-16.23.20:857][  0]LogFileCache: Scanning file cache for directory 'C:/Users/jabar/Documents/UnrealEngineGame/Abscond/Saved/Collections/' took 0.00s
[2022.04.14-16.23.20:857][  0]LogFileCache: Scanning file cache for directory 'C:/Users/jabar/Documents/UnrealEngineGame/Abscond/Content/Developers/jabar/Collections/' took 0.00s
[2022.04.14-16.23.20:857][  0]LogFileCache: Scanning file cache for directory 'C:/Users/jabar/Documents/UnrealEngineGame/Abscond/Content/Collections/' took 0.00s
[2022.04.14-16.23.20:857][  0]LogOcInput: OculusInput pre-init called
[2022.04.14-16.23.21:217][  0]LogEngine: Initializing Engine...
[2022.04.14-16.23.21:231][  0]LogHMD: Failed to enumerate extensions. Please check that you have a valid OpenXR runtime installed.
[2022.04.14-16.23.21:232][  0]LogHMD: Failed to initialize OpenVR with code 100
[2022.04.14-16.23.21:232][  0]LogMagicLeap: Warning: VR disabled because ZI is not enabled.  To enable, in the editor, Edit -> Project Settings -> Plugins -> Magic Leap Plugin -> Enable Zero Iteration
[2022.04.14-16.23.21:234][  0]LogStats: UGameplayTagsManager::InitializeManager -  0.000 s
[2022.04.14-16.23.21:401][  0]LogInit: Initializing FReadOnlyCVARCache
[2022.04.14-16.23.21:414][  0]LogAIModule: Creating AISystem for world Untitled
[2022.04.14-16.23.21:424][  0]LogAudio: Display: Initializing Audio Device Manager...
[2022.04.14-16.23.21:431][  0]LogAudio: Display: Loading Default Audio Settings Objects...
[2022.04.14-16.23.21:432][  0]LogAudio: Display: No default SoundConcurrencyObject specified (or failed to load).
[2022.04.14-16.23.21:433][  0]LogAudio: Display: Audio Device Manager Initialized
[2022.04.14-16.23.21:433][  0]LogAudio: Display: Creating Audio Device:                 Id: 1, Scope: Shared, Realtime: True
[2022.04.14-16.23.21:433][  0]LogAudioMixer: Display: Audio Mixer Platform Settings:
[2022.04.14-16.23.21:433][  0]LogAudioMixer: Display: 	Sample Rate:						  48000
[2022.04.14-16.23.21:433][  0]LogAudioMixer: Display: 	Callback Buffer Frame Size Requested: 1024
[2022.04.14-16.23.21:433][  0]LogAudioMixer: Display: 	Callback Buffer Frame Size To Use:	  1024
[2022.04.14-16.23.21:433][  0]LogAudioMixer: Display: 	Number of buffers to queue:			  2
[2022.04.14-16.23.21:433][  0]LogAudioMixer: Display: 	Max Channels (voices):				  32
[2022.04.14-16.23.21:433][  0]LogAudioMixer: Display: 	Number of Async Source Workers:		  0
[2022.04.14-16.23.21:433][  0]LogAudio: Display: AudioDevice MaxSources: 32
[2022.04.14-16.23.21:433][  0]LogAudio: Display: Audio Spatialization Plugin: None (built-in).
[2022.04.14-16.23.21:433][  0]LogAudio: Display: Audio Reverb Plugin: None (built-in).
[2022.04.14-16.23.21:433][  0]LogAudio: Display: Audio Occlusion Plugin: None (built-in).
[2022.04.14-16.23.21:433][  0]LogAudioMixer: Display: Initializing audio mixer.
[2022.04.14-16.23.21:624][  0]LogAudioMixer: Display: 0: FrontLeft
[2022.04.14-16.23.21:624][  0]LogAudioMixer: Display: 1: FrontRight
[2022.04.14-16.23.21:624][  0]LogAudioMixer: Display: 2: FrontCenter
[2022.04.14-16.23.21:624][  0]LogAudioMixer: Display: 3: LowFrequency
[2022.04.14-16.23.21:624][  0]LogAudioMixer: Display: 4: BackLeft
[2022.04.14-16.23.21:624][  0]LogAudioMixer: Display: 5: BackRight
[2022.04.14-16.23.21:624][  0]LogAudioMixer: Display: 6: SideLeft
[2022.04.14-16.23.21:624][  0]LogAudioMixer: Display: 7: SideRight
[2022.04.14-16.23.22:043][  0]LogAudioMixer: Display: Using Audio Device Speakers/Headphones (Realtek(R) Audio)
[2022.04.14-16.23.22:046][  0]LogAudioMixer: Display: Initializing Sound Submixes...
[2022.04.14-16.23.22:051][  0]LogAudioMixer: Display: Creating Master Submix 'MasterSubmixDefault'
[2022.04.14-16.23.22:051][  0]LogAudioMixer: Display: Creating Master Submix 'MasterReverbSubmixDefault'
[2022.04.14-16.23.22:052][  0]LogAudioMixer: Display: Creating Master Submix 'MasterEQSubmixDefault'
[2022.04.14-16.23.22:052][  0]LogAudioMixer: FMixerPlatformXAudio2::StartAudioStream() called
[2022.04.14-16.23.22:052][  0]LogAudioMixer: Display: Output buffers initialized: Frames=1024, Channels=8, Samples=8192
[2022.04.14-16.23.22:054][  0]LogAudioMixer: Display: Starting AudioMixerPlatformInterface::RunInternal()
[2022.04.14-16.23.22:054][  0]LogAudioMixer: Display: FMixerPlatformXAudio2::SubmitBuffer() called for the first time
[2022.04.14-16.23.22:054][  0]LogInit: FAudioDevice initialized.
[2022.04.14-16.23.22:054][  0]LogAudio: Display: Audio Device (ID: 1) registered with world 'Untitled'.
[2022.04.14-16.23.22:054][  0]LogNetVersion: Set ProjectVersion to 1.0.0.0. Version Checksum will be recalculated on next use.
[2022.04.14-16.23.22:121][  0]LogDerivedDataCache: Saved boot cache 0.07s 94MB C:/Users/jabar/AppData/Local/UnrealEngine/4.27/DerivedDataCache/Boot.ddc.
[2022.04.14-16.23.22:121][  0]LogInit: Texture streaming: Enabled
[2022.04.14-16.23.22:140][  0]LogAnalytics: Display: [UEEditor.Rocket.Release] APIServer = https://datarouter.ol.epicgames.com/. AppVersion = 4.27.2-18319896+++UE4+Release-4.27
[2022.04.14-16.23.22:148][  0]LogEngineSessionManager: EngineSessionManager initialized
[2022.04.14-16.23.22:148][  0]LogEditorSessionSummary: Verbose: Initializing EditorSessionSummaryWriter for editor session tracking
[2022.04.14-16.23.22:157][  0]LogEditorSessionSummary: EditorSessionSummaryWriter initialized
[2022.04.14-16.23.22:207][  0]LogInit: Transaction tracking system initialized
[2022.04.14-16.23.22:244][  0]BlueprintLog: New page: Editor Load
[2022.04.14-16.23.22:347][  0]LocalizationService: Localization service is disabled
[2022.04.14-16.23.22:388][  0]TimingProfiler: Initialize
[2022.04.14-16.23.22:388][  0]TimingProfiler: OnSessionChanged
[2022.04.14-16.23.22:388][  0]LoadingProfiler: Initialize
[2022.04.14-16.23.22:389][  0]LoadingProfiler: OnSessionChanged
[2022.04.14-16.23.22:389][  0]NetworkingProfiler: Initialize
[2022.04.14-16.23.22:389][  0]NetworkingProfiler: OnSessionChanged
[2022.04.14-16.23.22:389][  0]MemoryProfiler: Initialize
[2022.04.14-16.23.22:389][  0]MemoryProfiler: OnSessionChanged
[2022.04.14-16.23.22:685][  0]LogCook: Display: CookSettings for Memory: MemoryMaxUsedVirtual 0MiB, MemoryMaxUsedPhysical 16384MiB, MemoryMinFreeVirtual 0MiB, MemoryMinFreePhysical 1024MiB
[2022.04.14-16.23.22:685][  0]LogCook: Display: Mobile HDR setting 1
[2022.04.14-16.23.23:112][  0]LogFileCache: Scanning file cache for directory 'C:/Users/jabar/Documents/UnrealEngineGame/Abscond/Content/' took 0.01s
[2022.04.14-16.23.23:478][  0]LogInit: Display: Engine is initialized. Leaving FEngineLoop::Init()
[2022.04.14-16.23.23:490][  0]SourceControl: Source control is disabled
[2022.04.14-16.23.23:692][  0]LogSlate: Took 0.000494 seconds to synchronously load lazily loaded font '../../../Engine/Content/Slate/Fonts/Roboto-Regular.ttf' (155K)
[2022.04.14-16.23.31:828][  0]LogSlate: Window 'Restore Packages' being destroyed
[2022.04.14-16.23.33:308][  0]LogSlate: Window 'Unable to Check Out From Source Control!' being destroyed
[2022.04.14-16.23.33:315][  0]Message dialog closed, result: Ok, title: Unable to Check Out From Source Control!, text: The following assets could not be successfully checked out from source control:
/Game/AI/AI_AnimationBluePrint/NewAnimBlueprint
/Game/Levels/Abscond
[2022.04.14-16.23.33:336][  0]LogUnrealEdMisc: Loading editor; pre map load, took 21.495
[2022.04.14-16.23.33:337][  0]Cmd: MAP LOAD FILE="../../../../../../Users/jabar/Documents/UnrealEngineGame/Abscond/Content/ThirdPersonBP/Maps/ThirdPersonExampleMap.umap" TEMPLATE=0 SHOWPROGRESS=1 FEATURELEVEL=3
[2022.04.14-16.23.33:339][  0]LightingResults: New page: Lighting Build
[2022.04.14-16.23.33:341][  0]LogWorld: UWorld::CleanupWorld for Untitled, bSessionEnded=true, bCleanupResources=true
[2022.04.14-16.23.33:341][  0]LogSlate: InvalidateAllWidgets triggered.  All widgets were invalidated
[2022.04.14-16.23.33:341][  0]MapCheck: New page: Map Check
[2022.04.14-16.23.33:341][  0]LightingResults: New page: Lighting Build
[2022.04.14-16.23.33:348][  0]LogAudio: Display: Audio Device unregistered from world 'None'.
[2022.04.14-16.23.33:352][  0]LogUObjectHash: Compacting FUObjectHashTables data took   1.47ms
[2022.04.14-16.23.33:525][  0]LogLinker: Warning: [AssetLog] C:\Users\jabar\Documents\UnrealEngineGame\Abscond\Content\ThirdPersonBP\Maps\ThirdPersonExampleMap.umap: Failed to load '/Game/ThirdPersonBP/Maps/ThirdPersonExampleMap_BuiltData': Can't find file.
[2022.04.14-16.23.33:526][  0]LogLinker: Warning: [AssetLog] C:\Users\jabar\Documents\UnrealEngineGame\Abscond\Content\ThirdPersonBP\Maps\ThirdPersonExampleMap.umap: Failed to load '/Game/ThirdPersonBP/Maps/ThirdPersonExampleMap_BuiltData': Can't find file.
[2022.04.14-16.23.33:538][  0]LogLinker: Warning: [AssetLog] C:\Users\jabar\Documents\UnrealEngineGame\Abscond\Content\ThirdPersonBP\Maps\ThirdPersonExampleMap.umap: Failed to load '/Game/ThirdPersonBP/Maps/ThirdPersonExampleMap_BuiltData': Can't find file.
[2022.04.14-16.23.33:538][  0]LogLinker: Warning: Failed to load '/Game/ThirdPersonBP/Maps/ThirdPersonExampleMap_BuiltData': Can't find file.
[2022.04.14-16.23.33:539][  0]LogLinker: Warning: Failed to load '/Game/ThirdPersonBP/Maps/ThirdPersonExampleMap_BuiltData': Can't find file.
[2022.04.14-16.23.33:543][  0]LogLinker: Warning: [AssetLog] C:\Users\jabar\Documents\UnrealEngineGame\Abscond\Content\ThirdPersonBP\Maps\ThirdPersonExampleMap.umap: Failed to load '/Game/ThirdPersonBP/Maps/ThirdPersonExampleMap_BuiltData': Can't find file.
[2022.04.14-16.23.33:543][  0]LoadErrors: Failed to load /Game/ThirdPersonBP/Maps/ThirdPersonExampleMap_BuiltData.ThirdPersonExampleMap_BuiltData Referenced by PersistentLevel
[2022.04.14-16.23.33:774][  0]LogAudio: Display: Audio Device (ID: 1) registered with world 'ThirdPersonExampleMap'.
[2022.04.14-16.23.33:776][  0]LogAIModule: Creating AISystem for world ThirdPersonExampleMap
[2022.04.14-16.23.33:793][  0]LogEditorServer: Finished looking for orphan Actors (0.000 secs)
[2022.04.14-16.23.33:803][  0]LogUObjectHash: Compacting FUObjectHashTables data took   1.12ms
[2022.04.14-16.23.33:805][  0]Cmd: MAP CHECKDEP NOCLEARLOG
[2022.04.14-16.23.33:805][  0]MapCheck: Map check complete: 0 Error(s), 0 Warning(s), took 0.204ms to complete.
[2022.04.14-16.23.33:805][  0]LogFileHelpers: Loading map 'ThirdPersonExampleMap' took 0.468
[2022.04.14-16.23.33:808][  0]LogUnrealEdMisc: Total Editor Startup Time, took 21.967
[2022.04.14-16.23.33:891][  0]LogSlate: Updating window title bar state: overlay mode, drag disabled, window buttons hidden, title bar hidden
[2022.04.14-16.23.33:898][  0]LogSlate: Updating window title bar state: overlay mode, drag disabled, window buttons hidden, title bar hidden
[2022.04.14-16.23.33:905][  0]LogSlate: Updating window title bar state: overlay mode, drag disabled, window buttons hidden, title bar hidden
[2022.04.14-16.23.33:915][  0]LogSlate: Updating window title bar state: overlay mode, drag disabled, window buttons hidden, title bar hidden
[2022.04.14-16.23.33:951][  0]LogNativeClassHierarchy: Verbose: Native class hierarchy populated in 0.0100 seconds. Added 3822 classes and 928 folders.
[2022.04.14-16.23.33:957][  0]LogNativeClassHierarchy: Verbose: Native class hierarchy updated for 'WidgetCarousel' in 0.0003 seconds. Added 0 classes and 0 folders.
[2022.04.14-16.23.33:962][  0]LogPakFile: PakFile PrimaryIndexSize=187
[2022.04.14-16.23.33:962][  0]LogPakFile: PakFile PathHashIndexSize=101
[2022.04.14-16.23.33:962][  0]LogPakFile: PakFile FullDirectoryIndexSize=148
[2022.04.14-16.23.33:962][  0]LogShaderLibrary: Display: ShaderCodeLibraryPakFileMountedCallback: PakFile 'C:/Program Files/Epic Games/UE_4.27/FeaturePacks/FP_FirstPerson.upack' (chunk index -1, root 'root:/') mounted
[2022.04.14-16.23.33:962][  0]LogShaderLibrary: Display: ShaderCodeLibraryPakFileMountedCallback: pending pak file info (ChunkID:-1 Root:root:/ File:C:/Program Files/Epic Games/UE_4.27/FeaturePacks/FP_FirstPerson.upack)
[2022.04.14-16.23.33:962][  0]LogPakFile: OnPakFileMounted2Time == 0.000246
[2022.04.14-16.23.33:966][  0]LogPakFile: PakFile PrimaryIndexSize=189
[2022.04.14-16.23.33:966][  0]LogPakFile: PakFile PathHashIndexSize=101
[2022.04.14-16.23.33:966][  0]LogPakFile: PakFile FullDirectoryIndexSize=152
[2022.04.14-16.23.33:966][  0]LogShaderLibrary: Display: ShaderCodeLibraryPakFileMountedCallback: PakFile 'C:/Program Files/Epic Games/UE_4.27/FeaturePacks/FP_FirstPersonBP.upack' (chunk index -1, root 'root:/') mounted
[2022.04.14-16.23.33:966][  0]LogShaderLibrary: Display: ShaderCodeLibraryPakFileMountedCallback: pending pak file info (ChunkID:-1 Root:root:/ File:C:/Program Files/Epic Games/UE_4.27/FeaturePacks/FP_FirstPersonBP.upack)
[2022.04.14-16.23.33:966][  0]LogPakFile: OnPakFileMounted2Time == 0.000054
[2022.04.14-16.23.33:968][  0]LogPakFile: PakFile PrimaryIndexSize=191
[2022.04.14-16.23.33:968][  0]LogPakFile: PakFile PathHashIndexSize=101
[2022.04.14-16.23.33:968][  0]LogPakFile: PakFile FullDirectoryIndexSize=160
[2022.04.14-16.23.33:968][  0]LogShaderLibrary: Display: ShaderCodeLibraryPakFileMountedCallback: PakFile 'C:/Program Files/Epic Games/UE_4.27/FeaturePacks/MobileStarterContent.upack' (chunk index -1, root 'root:/') mounted
[2022.04.14-16.23.33:968][  0]LogShaderLibrary: Display: ShaderCodeLibraryPakFileMountedCallback: pending pak file info (ChunkID:-1 Root:root:/ File:C:/Program Files/Epic Games/UE_4.27/FeaturePacks/MobileStarterContent.upack)
[2022.04.14-16.23.33:968][  0]LogPakFile: OnPakFileMounted2Time == 0.000050
[2022.04.14-16.23.33:970][  0]LogPakFile: PakFile PrimaryIndexSize=185
[2022.04.14-16.23.33:970][  0]LogPakFile: PakFile PathHashIndexSize=101
[2022.04.14-16.23.33:970][  0]LogPakFile: PakFile FullDirectoryIndexSize=148
[2022.04.14-16.23.33:971][  0]LogShaderLibrary: Display: ShaderCodeLibraryPakFileMountedCallback: PakFile 'C:/Program Files/Epic Games/UE_4.27/FeaturePacks/StarterContent.upack' (chunk index -1, root 'root:/') mounted
[2022.04.14-16.23.33:971][  0]LogShaderLibrary: Display: ShaderCodeLibraryPakFileMountedCallback: pending pak file info (ChunkID:-1 Root:root:/ File:C:/Program Files/Epic Games/UE_4.27/FeaturePacks/StarterContent.upack)
[2022.04.14-16.23.33:971][  0]LogPakFile: OnPakFileMounted2Time == 0.000055
[2022.04.14-16.23.33:972][  0]LogPakFile: PakFile PrimaryIndexSize=190
[2022.04.14-16.23.33:973][  0]LogPakFile: PakFile PathHashIndexSize=101
[2022.04.14-16.23.33:973][  0]LogPakFile: PakFile FullDirectoryIndexSize=154
[2022.04.14-16.23.33:973][  0]LogShaderLibrary: Display: ShaderCodeLibraryPakFileMountedCallback: PakFile 'C:/Program Files/Epic Games/UE_4.27/FeaturePacks/TP_2DSideScroller.upack' (chunk index -1, root 'root:/') mounted
[2022.04.14-16.23.33:973][  0]LogShaderLibrary: Display: ShaderCodeLibraryPakFileMountedCallback: pending pak file info (ChunkID:-1 Root:root:/ File:C:/Program Files/Epic Games/UE_4.27/FeaturePacks/TP_2DSideScroller.upack)
[2022.04.14-16.23.33:973][  0]LogPakFile: OnPakFileMounted2Time == 0.000052
[2022.04.14-16.23.33:975][  0]LogPakFile: PakFile PrimaryIndexSize=192
[2022.04.14-16.23.33:975][  0]LogPakFile: PakFile PathHashIndexSize=101
[2022.04.14-16.23.33:975][  0]LogPakFile: PakFile FullDirectoryIndexSize=158
[2022.04.14-16.23.33:975][  0]LogShaderLibrary: Display: ShaderCodeLibraryPakFileMountedCallback: PakFile 'C:/Program Files/Epic Games/UE_4.27/FeaturePacks/TP_2DSideScrollerBP.upack' (chunk index -1, root 'root:/') mounted
[2022.04.14-16.23.33:975][  0]LogShaderLibrary: Display: ShaderCodeLibraryPakFileMountedCallback: pending pak file info (ChunkID:-1 Root:root:/ File:C:/Program Files/Epic Games/UE_4.27/FeaturePacks/TP_2DSideScrollerBP.upack)
[2022.04.14-16.23.33:975][  0]LogPakFile: OnPakFileMounted2Time == 0.000046
[2022.04.14-16.23.33:977][  0]LogPakFile: PakFile PrimaryIndexSize=182
[2022.04.14-16.23.33:977][  0]LogPakFile: PakFile PathHashIndexSize=101
[2022.04.14-16.23.33:977][  0]LogPakFile: PakFile FullDirectoryIndexSize=138
[2022.04.14-16.23.33:977][  0]LogShaderLibrary: Display: ShaderCodeLibraryPakFileMountedCallback: PakFile 'C:/Program Files/Epic Games/UE_4.27/FeaturePacks/TP_Flying.upack' (chunk index -1, root 'root:/') mounted
[2022.04.14-16.23.33:977][  0]LogShaderLibrary: Display: ShaderCodeLibraryPakFileMountedCallback: pending pak file info (ChunkID:-1 Root:root:/ File:C:/Program Files/Epic Games/UE_4.27/FeaturePacks/TP_Flying.upack)
[2022.04.14-16.23.33:977][  0]LogPakFile: OnPakFileMounted2Time == 0.000049
[2022.04.14-16.23.33:979][  0]LogPakFile: PakFile PrimaryIndexSize=184
[2022.04.14-16.23.33:979][  0]LogPakFile: PakFile PathHashIndexSize=101
[2022.04.14-16.23.33:979][  0]LogPakFile: PakFile FullDirectoryIndexSize=142
[2022.04.14-16.23.33:979][  0]LogShaderLibrary: Display: ShaderCodeLibraryPakFileMountedCallback: PakFile 'C:/Program Files/Epic Games/UE_4.27/FeaturePacks/TP_FlyingBP.upack' (chunk index -1, root 'root:/') mounted
[2022.04.14-16.23.33:979][  0]LogShaderLibrary: Display: ShaderCodeLibraryPakFileMountedCallback: pending pak file info (ChunkID:-1 Root:root:/ File:C:/Program Files/Epic Games/UE_4.27/FeaturePacks/TP_FlyingBP.upack)
[2022.04.14-16.23.33:979][  0]LogPakFile: OnPakFileMounted2Time == 0.000047
[2022.04.14-16.23.33:981][  0]LogPakFile: PakFile PrimaryIndexSize=188
[2022.04.14-16.23.33:981][  0]LogPakFile: PakFile PathHashIndexSize=101
[2022.04.14-16.23.33:981][  0]LogPakFile: PakFile FullDirectoryIndexSize=150
[2022.04.14-16.23.33:981][  0]LogShaderLibrary: Display: ShaderCodeLibraryPakFileMountedCallback: PakFile 'C:/Program Files/Epic Games/UE_4.27/FeaturePacks/TP_HandheldARBP.upack' (chunk index -1, root 'root:/') mounted
[2022.04.14-16.23.33:981][  0]LogShaderLibrary: Display: ShaderCodeLibraryPakFileMountedCallback: pending pak file info (ChunkID:-1 Root:root:/ File:C:/Program Files/Epic Games/UE_4.27/FeaturePacks/TP_HandheldARBP.upack)
[2022.04.14-16.23.33:981][  0]LogPakFile: OnPakFileMounted2Time == 0.000046
[2022.04.14-16.23.33:983][  0]LogPakFile: PakFile PrimaryIndexSize=182
[2022.04.14-16.23.33:983][  0]LogPakFile: PakFile PathHashIndexSize=101
[2022.04.14-16.23.33:983][  0]LogPakFile: PakFile FullDirectoryIndexSize=138
[2022.04.14-16.23.33:984][  0]LogShaderLibrary: Display: ShaderCodeLibraryPakFileMountedCallback: PakFile 'C:/Program Files/Epic Games/UE_4.27/FeaturePacks/TP_Puzzle.upack' (chunk index -1, root 'root:/') mounted
[2022.04.14-16.23.33:984][  0]LogShaderLibrary: Display: ShaderCodeLibraryPakFileMountedCallback: pending pak file info (ChunkID:-1 Root:root:/ File:C:/Program Files/Epic Games/UE_4.27/FeaturePacks/TP_Puzzle.upack)
[2022.04.14-16.23.33:984][  0]LogPakFile: OnPakFileMounted2Time == 0.000047
[2022.04.14-16.23.33:985][  0]LogPakFile: PakFile PrimaryIndexSize=184
[2022.04.14-16.23.33:985][  0]LogPakFile: PakFile PathHashIndexSize=101
[2022.04.14-16.23.33:985][  0]LogPakFile: PakFile FullDirectoryIndexSize=142
[2022.04.14-16.23.33:985][  0]LogShaderLibrary: Display: ShaderCodeLibraryPakFileMountedCallback: PakFile 'C:/Program Files/Epic Games/UE_4.27/FeaturePacks/TP_PuzzleBP.upack' (chunk index -1, root 'root:/') mounted
[2022.04.14-16.23.33:985][  0]LogShaderLibrary: Display: ShaderCodeLibraryPakFileMountedCallback: pending pak file info (ChunkID:-1 Root:root:/ File:C:/Program Files/Epic Games/UE_4.27/FeaturePacks/TP_PuzzleBP.upack)
[2022.04.14-16.23.33:985][  0]LogPakFile: OnPakFileMounted2Time == 0.000049
[2022.04.14-16.23.33:988][  0]LogPakFile: PakFile PrimaryIndexSize=183
[2022.04.14-16.23.33:988][  0]LogPakFile: PakFile PathHashIndexSize=101
[2022.04.14-16.23.33:988][  0]LogPakFile: PakFile FullDirectoryIndexSize=140
[2022.04.14-16.23.33:988][  0]LogShaderLibrary: Display: ShaderCodeLibraryPakFileMountedCallback: PakFile 'C:/Program Files/Epic Games/UE_4.27/FeaturePacks/TP_Rolling.upack' (chunk index -1, root 'root:/') mounted
[2022.04.14-16.23.33:988][  0]LogShaderLibrary: Display: ShaderCodeLibraryPakFileMountedCallback: pending pak file info (ChunkID:-1 Root:root:/ File:C:/Program Files/Epic Games/UE_4.27/FeaturePacks/TP_Rolling.upack)
[2022.04.14-16.23.33:988][  0]LogPakFile: OnPakFileMounted2Time == 0.000043
[2022.04.14-16.23.33:990][  0]LogPakFile: PakFile PrimaryIndexSize=185
[2022.04.14-16.23.33:990][  0]LogPakFile: PakFile PathHashIndexSize=101
[2022.04.14-16.23.33:990][  0]LogPakFile: PakFile FullDirectoryIndexSize=144
[2022.04.14-16.23.33:990][  0]LogShaderLibrary: Display: ShaderCodeLibraryPakFileMountedCallback: PakFile 'C:/Program Files/Epic Games/UE_4.27/FeaturePacks/TP_RollingBP.upack' (chunk index -1, root 'root:/') mounted
[2022.04.14-16.23.33:990][  0]LogShaderLibrary: Display: ShaderCodeLibraryPakFileMountedCallback: pending pak file info (ChunkID:-1 Root:root:/ File:C:/Program Files/Epic Games/UE_4.27/FeaturePacks/TP_RollingBP.upack)
[2022.04.14-16.23.33:990][  0]LogPakFile: OnPakFileMounted2Time == 0.000050
[2022.04.14-16.23.33:994][  0]LogPakFile: PakFile PrimaryIndexSize=188
[2022.04.14-16.23.33:994][  0]LogPakFile: PakFile PathHashIndexSize=101
[2022.04.14-16.23.33:994][  0]LogPakFile: PakFile FullDirectoryIndexSize=150
[2022.04.14-16.23.33:994][  0]LogShaderLibrary: Display: ShaderCodeLibraryPakFileMountedCallback: PakFile 'C:/Program Files/Epic Games/UE_4.27/FeaturePacks/TP_SideScroller.upack' (chunk index -1, root 'root:/') mounted
[2022.04.14-16.23.33:994][  0]LogShaderLibrary: Display: ShaderCodeLibraryPakFileMountedCallback: pending pak file info (ChunkID:-1 Root:root:/ File:C:/Program Files/Epic Games/UE_4.27/FeaturePacks/TP_SideScroller.upack)
[2022.04.14-16.23.33:994][  0]LogPakFile: OnPakFileMounted2Time == 0.000051
[2022.04.14-16.23.33:996][  0]LogPakFile: PakFile PrimaryIndexSize=190
[2022.04.14-16.23.33:996][  0]LogPakFile: PakFile PathHashIndexSize=101
[2022.04.14-16.23.33:996][  0]LogPakFile: PakFile FullDirectoryIndexSize=154
[2022.04.14-16.23.33:996][  0]LogShaderLibrary: Display: ShaderCodeLibraryPakFileMountedCallback: PakFile 'C:/Program Files/Epic Games/UE_4.27/FeaturePacks/TP_SideScrollerBP.upack' (chunk index -1, root 'root:/') mounted
[2022.04.14-16.23.33:996][  0]LogShaderLibrary: Display: ShaderCodeLibraryPakFileMountedCallback: pending pak file info (ChunkID:-1 Root:root:/ File:C:/Program Files/Epic Games/UE_4.27/FeaturePacks/TP_SideScrollerBP.upack)
[2022.04.14-16.23.33:996][  0]LogPakFile: OnPakFileMounted2Time == 0.000042
[2022.04.14-16.23.33:999][  0]LogPakFile: PakFile PrimaryIndexSize=187
[2022.04.14-16.23.33:999][  0]LogPakFile: PakFile PathHashIndexSize=101
[2022.04.14-16.23.33:999][  0]LogPakFile: PakFile FullDirectoryIndexSize=148
[2022.04.14-16.23.33:999][  0]LogShaderLibrary: Display: ShaderCodeLibraryPakFileMountedCallback: PakFile 'C:/Program Files/Epic Games/UE_4.27/FeaturePacks/TP_ThirdPerson.upack' (chunk index -1, root 'root:/') mounted
[2022.04.14-16.23.33:999][  0]LogShaderLibrary: Display: ShaderCodeLibraryPakFileMountedCallback: pending pak file info (ChunkID:-1 Root:root:/ File:C:/Program Files/Epic Games/UE_4.27/FeaturePacks/TP_ThirdPerson.upack)
[2022.04.14-16.23.33:999][  0]LogPakFile: OnPakFileMounted2Time == 0.000048
[2022.04.14-16.23.34:001][  0]LogPakFile: PakFile PrimaryIndexSize=189
[2022.04.14-16.23.34:001][  0]LogPakFile: PakFile PathHashIndexSize=101
[2022.04.14-16.23.34:001][  0]LogPakFile: PakFile FullDirectoryIndexSize=152
[2022.04.14-16.23.34:001][  0]LogShaderLibrary: Display: ShaderCodeLibraryPakFileMountedCallback: PakFile 'C:/Program Files/Epic Games/UE_4.27/FeaturePacks/TP_ThirdPersonBP.upack' (chunk index -1, root 'root:/') mounted
[2022.04.14-16.23.34:001][  0]LogShaderLibrary: Display: ShaderCodeLibraryPakFileMountedCallback: pending pak file info (ChunkID:-1 Root:root:/ File:C:/Program Files/Epic Games/UE_4.27/FeaturePacks/TP_ThirdPersonBP.upack)
[2022.04.14-16.23.34:001][  0]LogPakFile: OnPakFileMounted2Time == 0.000043
[2022.04.14-16.23.34:003][  0]LogPakFile: PakFile PrimaryIndexSize=183
[2022.04.14-16.23.34:003][  0]LogPakFile: PakFile PathHashIndexSize=101
[2022.04.14-16.23.34:003][  0]LogPakFile: PakFile FullDirectoryIndexSize=140
[2022.04.14-16.23.34:003][  0]LogShaderLibrary: Display: ShaderCodeLibraryPakFileMountedCallback: PakFile 'C:/Program Files/Epic Games/UE_4.27/FeaturePacks/TP_TopDown.upack' (chunk index -1, root 'root:/') mounted
[2022.04.14-16.23.34:003][  0]LogShaderLibrary: Display: ShaderCodeLibraryPakFileMountedCallback: pending pak file info (ChunkID:-1 Root:root:/ File:C:/Program Files/Epic Games/UE_4.27/FeaturePacks/TP_TopDown.upack)
[2022.04.14-16.23.34:003][  0]LogPakFile: OnPakFileMounted2Time == 0.000049
[2022.04.14-16.23.34:006][  0]LogPakFile: PakFile PrimaryIndexSize=185
[2022.04.14-16.23.34:006][  0]LogPakFile: PakFile PathHashIndexSize=101
[2022.04.14-16.23.34:006][  0]LogPakFile: PakFile FullDirectoryIndexSize=144
[2022.04.14-16.23.34:006][  0]LogShaderLibrary: Display: ShaderCodeLibraryPakFileMountedCallback: PakFile 'C:/Program Files/Epic Games/UE_4.27/FeaturePacks/TP_TopDownBP.upack' (chunk index -1, root 'root:/') mounted
[2022.04.14-16.23.34:006][  0]LogShaderLibrary: Display: ShaderCodeLibraryPakFileMountedCallback: pending pak file info (ChunkID:-1 Root:root:/ File:C:/Program Files/Epic Games/UE_4.27/FeaturePacks/TP_TopDownBP.upack)
[2022.04.14-16.23.34:006][  0]LogPakFile: OnPakFileMounted2Time == 0.000044
[2022.04.14-16.23.34:008][  0]LogPakFile: PakFile PrimaryIndexSize=185
[2022.04.14-16.23.34:008][  0]LogPakFile: PakFile PathHashIndexSize=101
[2022.04.14-16.23.34:008][  0]LogPakFile: PakFile FullDirectoryIndexSize=144
[2022.04.14-16.23.34:008][  0]LogShaderLibrary: Display: ShaderCodeLibraryPakFileMountedCallback: PakFile 'C:/Program Files/Epic Games/UE_4.27/FeaturePacks/TP_TwinStick.upack' (chunk index -1, root 'root:/') mounted
[2022.04.14-16.23.34:008][  0]LogShaderLibrary: Display: ShaderCodeLibraryPakFileMountedCallback: pending pak file info (ChunkID:-1 Root:root:/ File:C:/Program Files/Epic Games/UE_4.27/FeaturePacks/TP_TwinStick.upack)
[2022.04.14-16.23.34:008][  0]LogPakFile: OnPakFileMounted2Time == 0.000041
[2022.04.14-16.23.34:009][  0]LogPakFile: PakFile PrimaryIndexSize=187
[2022.04.14-16.23.34:009][  0]LogPakFile: PakFile PathHashIndexSize=101
[2022.04.14-16.23.34:009][  0]LogPakFile: PakFile FullDirectoryIndexSize=148
[2022.04.14-16.23.34:009][  0]LogShaderLibrary: Display: ShaderCodeLibraryPakFileMountedCallback: PakFile 'C:/Program Files/Epic Games/UE_4.27/FeaturePacks/TP_TwinStickBP.upack' (chunk index -1, root 'root:/') mounted
[2022.04.14-16.23.34:009][  0]LogShaderLibrary: Display: ShaderCodeLibraryPakFileMountedCallback: pending pak file info (ChunkID:-1 Root:root:/ File:C:/Program Files/Epic Games/UE_4.27/FeaturePacks/TP_TwinStickBP.upack)
[2022.04.14-16.23.34:009][  0]LogPakFile: OnPakFileMounted2Time == 0.000050
[2022.04.14-16.23.34:011][  0]LogPakFile: PakFile PrimaryIndexSize=183
[2022.04.14-16.23.34:011][  0]LogPakFile: PakFile PathHashIndexSize=101
[2022.04.14-16.23.34:011][  0]LogPakFile: PakFile FullDirectoryIndexSize=140
[2022.04.14-16.23.34:012][  0]LogShaderLibrary: Display: ShaderCodeLibraryPakFileMountedCallback: PakFile 'C:/Program Files/Epic Games/UE_4.27/FeaturePacks/TP_Vehicle.upack' (chunk index -1, root 'root:/') mounted
[2022.04.14-16.23.34:012][  0]LogShaderLibrary: Display: ShaderCodeLibraryPakFileMountedCallback: pending pak file info (ChunkID:-1 Root:root:/ File:C:/Program Files/Epic Games/UE_4.27/FeaturePacks/TP_Vehicle.upack)
[2022.04.14-16.23.34:012][  0]LogPakFile: OnPakFileMounted2Time == 0.000047
[2022.04.14-16.23.34:013][  0]LogPakFile: PakFile PrimaryIndexSize=186
[2022.04.14-16.23.34:013][  0]LogPakFile: PakFile PathHashIndexSize=101
[2022.04.14-16.23.34:013][  0]LogPakFile: PakFile FullDirectoryIndexSize=146
[2022.04.14-16.23.34:013][  0]LogShaderLibrary: Display: ShaderCodeLibraryPakFileMountedCallback: PakFile 'C:/Program Files/Epic Games/UE_4.27/FeaturePacks/TP_VehicleAdv.upack' (chunk index -1, root 'root:/') mounted
[2022.04.14-16.23.34:013][  0]LogShaderLibrary: Display: ShaderCodeLibraryPakFileMountedCallback: pending pak file info (ChunkID:-1 Root:root:/ File:C:/Program Files/Epic Games/UE_4.27/FeaturePacks/TP_VehicleAdv.upack)
[2022.04.14-16.23.34:014][  0]LogPakFile: OnPakFileMounted2Time == 0.000044
[2022.04.14-16.23.34:015][  0]LogPakFile: PakFile PrimaryIndexSize=188
[2022.04.14-16.23.34:015][  0]LogPakFile: PakFile PathHashIndexSize=101
[2022.04.14-16.23.34:015][  0]LogPakFile: PakFile FullDirectoryIndexSize=150
[2022.04.14-16.23.34:015][  0]LogShaderLibrary: Display: ShaderCodeLibraryPakFileMountedCallback: PakFile 'C:/Program Files/Epic Games/UE_4.27/FeaturePacks/TP_VehicleAdvBP.upack' (chunk index -1, root 'root:/') mounted
[2022.04.14-16.23.34:015][  0]LogShaderLibrary: Display: ShaderCodeLibraryPakFileMountedCallback: pending pak file info (ChunkID:-1 Root:root:/ File:C:/Program Files/Epic Games/UE_4.27/FeaturePacks/TP_VehicleAdvBP.upack)
[2022.04.14-16.23.34:015][  0]LogPakFile: OnPakFileMounted2Time == 0.000045
[2022.04.14-16.23.34:018][  0]LogPakFile: PakFile PrimaryIndexSize=185
[2022.04.14-16.23.34:018][  0]LogPakFile: PakFile PathHashIndexSize=101
[2022.04.14-16.23.34:018][  0]LogPakFile: PakFile FullDirectoryIndexSize=144
[2022.04.14-16.23.34:018][  0]LogShaderLibrary: Display: ShaderCodeLibraryPakFileMountedCallback: PakFile 'C:/Program Files/Epic Games/UE_4.27/FeaturePacks/TP_VehicleBP.upack' (chunk index -1, root 'root:/') mounted
[2022.04.14-16.23.34:018][  0]LogShaderLibrary: Display: ShaderCodeLibraryPakFileMountedCallback: pending pak file info (ChunkID:-1 Root:root:/ File:C:/Program Files/Epic Games/UE_4.27/FeaturePacks/TP_VehicleBP.upack)
[2022.04.14-16.23.34:018][  0]LogPakFile: OnPakFileMounted2Time == 0.000048
[2022.04.14-16.23.34:020][  0]LogPakFile: PakFile PrimaryIndexSize=192
[2022.04.14-16.23.34:020][  0]LogPakFile: PakFile PathHashIndexSize=101
[2022.04.14-16.23.34:020][  0]LogPakFile: PakFile FullDirectoryIndexSize=158
[2022.04.14-16.23.34:020][  0]LogShaderLibrary: Display: ShaderCodeLibraryPakFileMountedCallback: PakFile 'C:/Program Files/Epic Games/UE_4.27/FeaturePacks/TP_VirtualRealityBP.upack' (chunk index -1, root 'root:/') mounted
[2022.04.14-16.23.34:020][  0]LogShaderLibrary: Display: ShaderCodeLibraryPakFileMountedCallback: pending pak file info (ChunkID:-1 Root:root:/ File:C:/Program Files/Epic Games/UE_4.27/FeaturePacks/TP_VirtualRealityBP.upack)
[2022.04.14-16.23.34:020][  0]LogPakFile: OnPakFileMounted2Time == 0.000047
[2022.04.14-16.23.34:156][  0]LogNativeClassHierarchy: Verbose: Native class hierarchy updated for 'AddContentDialog' in 0.0003 seconds. Added 0 classes and 0 folders.
[2022.04.14-16.23.34:165][  0]LogNativeClassHierarchy: Verbose: Native class hierarchy updated for 'SceneOutliner' in 0.0003 seconds. Added 2 classes and 0 folders.
[2022.04.14-16.23.34:242][  0]LogNativeClassHierarchy: Verbose: Native class hierarchy updated for 'HierarchicalLODOutliner' in 0.0003 seconds. Added 0 classes and 0 folders.
[2022.04.14-16.23.34:243][  0]LogInput: Warning: Action Jump uses invalid key OculusGo_Left_Trigger_Click.
[2022.04.14-16.23.34:243][  0]LogInput: Warning: Action ResetVR uses invalid key OculusGo_Left_Trackpad_Click.
[2022.04.14-16.23.34:243][  0]LogInput: Warning: Use -RemoveInvalidKeys to remove instances of these keys from the action mapping.
[2022.04.14-16.23.34:243][  0]LogLoad: (Engine Initialization) Total time: 22.40 seconds
[2022.04.14-16.23.34:243][  0]LogLoad: (Engine Initialization) Total Blueprint compile time: 0.00 seconds
[2022.04.14-16.23.34:307][  0]LogAssetRegistry: Asset discovery search completed in 17.0575 seconds
[2022.04.14-16.23.34:316][  0]LogCollectionManager: Fixed up redirectors for 0 collections in 0.000004 seconds (updated 0 objects)
[2022.04.14-16.23.34:318][  0]LogContentStreaming: Texture pool size now 1000 MB
[2022.04.14-16.23.34:338][  0]LogSlate: Took 0.000879 seconds to synchronously load lazily loaded font '../../../Engine/Content/Slate/Fonts/DroidSansMono.ttf' (77K)
[2022.04.14-16.23.34:367][  2]LogRenderer: Reallocating scene render targets to support 128x128 Format 10 NumSamples 1 (Frame:0).
[2022.04.14-16.23.35:270][ 51]LogSlate: Took 0.001530 seconds to synchronously load lazily loaded font '../../../Engine/Content/Slate/Fonts/Roboto-Light.ttf' (167K)
[2022.04.14-16.23.35:904][ 87]LogSlate: Took 0.001384 seconds to synchronously load lazily loaded font '../../../Engine/Content/Editor/Slate/Fonts/FontAwesome.ttf' (139K)
[2022.04.14-16.23.35:905][ 87]LogSlate: Took 0.000253 seconds to synchronously load lazily loaded font '../../../Engine/Content/Slate/Fonts/Roboto-Bold.ttf' (160K)
[2022.04.14-16.23.35:951][ 87]LogRenderer: Reallocating scene render targets to support 612x352 Format 10 NumSamples 1 (Frame:1).
[2022.04.14-16.23.35:951][ 87]LogSlate: Took 0.000333 seconds to synchronously load lazily loaded font '../../../Engine/Content/Slate/Fonts/Roboto-Light.ttf' (167K)
[2022.04.14-16.26.52:933][428]LogRenderer: Reallocating scene render targets to support 728x412 Format 10 NumSamples 1 (Frame:504).
